Mono path[0] = 'C:/Users/Adrian Jagielak/Desktop/RimWorld modz2/RimWorldWin64_Data/Managed'
Mono config path = 'C:/Users/Adrian Jagielak/Desktop/RimWorld modz2/MonoBleedingEdge/etc'
Initialize engine version: 2019.4.30f1 (e8c891080a1f)
[Subsystems] Discovering subsystems at path C:/Users/Adrian Jagielak/Desktop/RimWorld modz2/RimWorldWin64_Data/UnitySubsystems
GfxDevice: creating device client; threaded=1
Direct3D:
    Version:  Direct3D 11.0 [level 11.1]
    Renderer: NVIDIA GeForce GTX 1650 Ti (ID=0x1f95)
    Vendor:   
    VRAM:     3962 MB
    Driver:   27.21.14.5749
Begin MonoManager ReloadAssembly
- Completed reload, in  0.073 seconds
<RI> Initializing input.
<RI> Input initialized.
<RI> Initialized touch support.
UnloadTime: 0.934800 ms
RimWorld 1.3.3117 rev669
Attempt to use string packageid to refer to field packageId in type Verse.ModMetaData+ModMetaDataInternal; xml tags are now case-sensitive. XML: <ModMetaData><name>[Sub_Mod] Vanilla Furniture Expanded - Power [PL]</name><author>Hades3623</author><supportedVersions><li>1.0</li><li>1.1</li><li>1.2</li><li>1.3</li></supportedVersions><packageid>PL.VFEPOWER.PL</packageid><description> 
[b]Fully functional mod translation[/b]
[b]Modification[/b]: Vanilla Furniture Expanded - Power
[b]Author[/b]: Oskar Potocki, Sarg Bjornson
[b]Link to modify[/b]: https://steamcommunity.com/sharedfiles/filedetails/?id=2062943477
[b]Github link[/b]: [NONE]

Vanilla Furniture Expanded - Power dodaje mn贸stwo nowych 藕r贸de zasilania, poczwszy od maych przenonych generator贸w i wielkoskalowych przemysowych, a偶 po zaawansowane, oparte na technologii kosmicznej, 藕r贸da energii oraz unikalny, a jednoczenie atwy do zrozumienia generator jdrowy . Wyb贸r nowych baterii pomo偶e ci w magazynowaniu energii, podczas gdy nowe narzdzia, takie jak piorunochron i pompa chemiopaliwa, dadz ci zupenie nowe sposoby na uzyskanie energii i paliwa.

Je偶eli spolszczenie jest dla ciebie przydatne zostaw   

Docz do polskiej spoecznoci RimWorld ju偶 teraz! Kliknij w link i docz rozwijajcego si kanau Discord:[url] https://discord.gg/WZksa8G [/url]

</description></ModMetaData> 
(Filename: C:\buildslave\unity\build\Runtime/Export/Debug/Debug.bindings.h Line: 39)

Mod Uninstall Rimefeller is missing packageId in About.xml! (example: <packageId>AuthorName.ModName.Specific</packageId>) 
(Filename: C:\buildslave\unity\build\Runtime/Export/Debug/Debug.bindings.h Line: 39)

Mod [Sub_Mod] Vanilla Cooking Expanded - Stews [PL] is missing packageId in About.xml! (example: <packageId>AuthorName.ModName.Specific</packageId>) 
(Filename: C:\buildslave\unity\build\Runtime/Export/Debug/Debug.bindings.h Line: 39)

Fallback handler could not load library C:/Users/Adrian Jagielak/Desktop/RimWorld modz2/RimWorldWin64_Data/Mono/data-000001D388544020.dll
Fallback handler could not load library C:/Users/Adrian Jagielak/Desktop/RimWorld modz2/RimWorldWin64_Data/Mono/data-000001D3881560A0.dll
Fallback handler could not load library C:/Users/Adrian Jagielak/Desktop/RimWorld modz2/RimWorldWin64_Data/Mono/data-000001D358EA8030.dll
Fallback handler could not load library C:/Users/Adrian Jagielak/Desktop/RimWorld modz2/RimWorldWin64_Data/Mono/data-000001D38864B010.dll
Fallback handler could not load library C:/Users/Adrian Jagielak/Desktop/RimWorld modz2/RimWorldWin64_Data/Mono/data-000001D38845F3B0.dll
Fallback handler could not load library C:/Users/Adrian Jagielak/Desktop/RimWorld modz2/RimWorldWin64_Data/Mono/data-000001D388470DC0.dll
Fallback handler could not load library C:/Users/Adrian Jagielak/Desktop/RimWorld modz2/RimWorldWin64_Data/Mono/data-000001D388654A20.dll
Fallback handler could not load library C:/Users/Adrian Jagielak/Desktop/RimWorld modz2/RimWorldWin64_Data/Mono/data-000001D388674A40.dll
Fallback handler could not load library C:/Users/Adrian Jagielak/Desktop/RimWorld modz2/RimWorldWin64_Data/Mono/data-000001D35CC4AFC0.dll
Fallback handler could not load library C:/Users/Adrian Jagielak/Desktop/RimWorld modz2/RimWorldWin64_Data/Mono/data-000001D3887C5790.dll
Fallback handler could not load library C:/Users/Adrian Jagielak/Desktop/RimWorld modz2/RimWorldWin64_Data/Mono/data-000001D35CCD9A30.dll
Fallback handler could not load library C:/Users/Adrian Jagielak/Desktop/RimWorld modz2/RimWorldWin64_Data/Mono/data-000001D3887CE3A0.dll
Fallback handler could not load library C:/Users/Adrian Jagielak/Desktop/RimWorld modz2/RimWorldWin64_Data/Mono/data-000001D35CD1B040.dll
Fallback handler could not load library C:/Users/Adrian Jagielak/Desktop/RimWorld modz2/RimWorldWin64_Data/Mono/data-000001D35CD35070.dll
Fallback handler could not load library C:/Users/Adrian Jagielak/Desktop/RimWorld modz2/RimWorldWin64_Data/Mono/data-000001D35CD6F6A0.dll
Fallback handler could not load library C:/Users/Adrian Jagielak/Desktop/RimWorld modz2/RimWorldWin64_Data/Mono/data-000001D35CDA36B0.dll
Fallback handler could not load library C:/Users/Adrian Jagielak/Desktop/RimWorld modz2/RimWorldWin64_Data/Mono/data-000001D35CDBCAC0.dll
Fallback handler could not load library C:/Users/Adrian Jagielak/Desktop/RimWorld modz2/RimWorldWin64_Data/Mono/data-000001D35CDC10E0.dll
Fallback handler could not load library C:/Users/Adrian Jagielak/Desktop/RimWorld modz2/RimWorldWin64_Data/Mono/data-000001D358DD8600.dll
Fallback handler could not load library C:/Users/Adrian Jagielak/Desktop/RimWorld modz2/RimWorldWin64_Data/Mono/data-000001D35CDCE100.dll
Fallback handler could not load library C:/Users/Adrian Jagielak/Desktop/RimWorld modz2/RimWorldWin64_Data/Mono/data-000001D35CDEE710.dll
Fallback handler could not load library C:/Users/Adrian Jagielak/Desktop/RimWorld modz2/RimWorldWin64_Data/Mono/data-000001D3887DD5C0.dll
Fallback handler could not load library C:/Users/Adrian Jagielak/Desktop/RimWorld modz2/RimWorldWin64_Data/Mono/data-000001D35CE18730.dll
Fallback handler could not load library C:/Users/Adrian Jagielak/Desktop/RimWorld modz2/RimWorldWin64_Data/Mono/data-000001D35CE1BF40.dll
Fallback handler could not load library C:/Users/Adrian Jagielak/Desktop/RimWorld modz2/RimWorldWin64_Data/Mono/data-000001D35CC9BB30.dll
Fallback handler could not load library C:/Users/Adrian Jagielak/Desktop/RimWorld modz2/RimWorldWin64_Data/Mono/data-000001D35CE24960.dll
Fallback handler could not load library C:/Users/Adrian Jagielak/Desktop/RimWorld modz2/RimWorldWin64_Data/Mono/data-000001D35CE3A580.dll
Fallback handler could not load library C:/Users/Adrian Jagielak/Desktop/RimWorld modz2/RimWorldWin64_Data/Mono/data-000001D35CE3BB90.dll
Fallback handler could not load library C:/Users/Adrian Jagielak/Desktop/RimWorld modz2/RimWorldWin64_Data/Mono/data-000001D35CE3D1A0.dll
Fallback handler could not load library C:/Users/Adrian Jagielak/Desktop/RimWorld modz2/RimWorldWin64_Data/Mono/data-000001D35CE535C0.dll
Fallback handler could not load library C:/Users/Adrian Jagielak/Desktop/RimWorld modz2/RimWorldWin64_Data/Mono/data-000001D35CE70BF0.dll
Fallback handler could not load library C:/Users/Adrian Jagielak/Desktop/RimWorld modz2/RimWorldWin64_Data/Mono/data-000001D35CF55180.dll
Fallback handler could not load library C:/Users/Adrian Jagielak/Desktop/RimWorld modz2/RimWorldWin64_Data/Mono/data-000001D35CF5CDB0.dll
Fallback handler could not load library C:/Users/Adrian Jagielak/Desktop/RimWorld modz2/RimWorldWin64_Data/Mono/data-000001D35CFA41D0.dll
Fallback handler could not load library C:/Users/Adrian Jagielak/Desktop/RimWorld modz2/RimWorldWin64_Data/Mono/data-000001D35CFABBE0.dll
Fallback handler could not load library C:/Users/Adrian Jagielak/Desktop/RimWorld modz2/RimWorldWin64_Data/Mono/data-000001D35CFB71F0.dll
Fallback handler could not load library C:/Users/Adrian Jagielak/Desktop/RimWorld modz2/RimWorldWin64_Data/Mono/data-000001D35CFC4810.dll
Fallback handler could not load library C:/Users/Adrian Jagielak/Desktop/RimWorld modz2/RimWorldWin64_Data/Mono/data-000001D35CFCD830.dll
Fallback handler could not load library C:/Users/Adrian Jagielak/Desktop/RimWorld modz2/RimWorldWin64_Data/Mono/data-000001D35CFD1A40.dll
Fallback handler could not load library C:/Users/Adrian Jagielak/Desktop/RimWorld modz2/RimWorldWin64_Data/Mono/data-000001D35CFE4A50.dll
Fallback handler could not load library C:/Users/Adrian Jagielak/Desktop/RimWorld modz2/RimWorldWin64_Data/Mono/data-000001D35CFE6C60.dll
Fallback handler could not load library C:/Users/Adrian Jagielak/Desktop/RimWorld modz2/RimWorldWin64_Data/Mono/data-000001D35CFE8E70.dll
Fallback handler could not load library C:/Users/Adrian Jagielak/Desktop/RimWorld modz2/RimWorldWin64_Data/Mono/data-000001D35CFF0C80.dll
Fallback handler could not load library C:/Users/Adrian Jagielak/Desktop/RimWorld modz2/RimWorldWin64_Data/Mono/data-000001D35CFF3A90.dll
Fallback handler could not load library C:/Users/Adrian Jagielak/Desktop/RimWorld modz2/RimWorldWin64_Data/Mono/data-000001D35D00B4C0.dll
Fallback handler could not load library C:/Users/Adrian Jagielak/Desktop/RimWorld modz2/RimWorldWin64_Data/Mono/data-000001D35D0114D0.dll
Fallback handler could not load library C:/Users/Adrian Jagielak/Desktop/RimWorld modz2/RimWorldWin64_Data/Mono/data-000001D35D0184E0.dll
Fallback handler could not load library C:/Users/Adrian Jagielak/Desktop/RimWorld modz2/RimWorldWin64_Data/Mono/data-000001D35D03D5C0.dll
Fallback handler could not load library C:/Users/Adrian Jagielak/Desktop/RimWorld modz2/RimWorldWin64_Data/Mono/data-000001D35D04BD10.dll
Fallback handler could not load library C:/Users/Adrian Jagielak/Desktop/RimWorld modz2/RimWorldWin64_Data/Mono/data-000001D35D05ED30.dll
Fallback handler could not load library C:/Users/Adrian Jagielak/Desktop/RimWorld modz2/RimWorldWin64_Data/Mono/data-000001D35D16F340.dll
Fallback handler could not load library C:/Users/Adrian Jagielak/Desktop/RimWorld modz2/RimWorldWin64_Data/Mono/data-000001D35D189020.dll
Fallback handler could not load library C:/Users/Adrian Jagielak/Desktop/RimWorld modz2/RimWorldWin64_Data/Mono/data-000001D35D1A9F50.dll
Fallback handler could not load library C:/Users/Adrian Jagielak/Desktop/RimWorld modz2/RimWorldWin64_Data/Mono/data-000001D35D1C9490.dll
Fallback handler could not load library C:/Users/Adrian Jagielak/Desktop/RimWorld modz2/RimWorldWin64_Data/Mono/data-000001D35D1CE6A0.dll
Fallback handler could not load library C:/Users/Adrian Jagielak/Desktop/RimWorld modz2/RimWorldWin64_Data/Mono/data-000001D35D1F8CD0.dll
Fallback handler could not load library C:/Users/Adrian Jagielak/Desktop/RimWorld modz2/RimWorldWin64_Data/Mono/data-000001D35D2038E0.dll
Fallback handler could not load library C:/Users/Adrian Jagielak/Desktop/RimWorld modz2/RimWorldWin64_Data/Mono/data-000001D35D213D00.dll
Fallback handler could not load library C:/Users/Adrian Jagielak/Desktop/RimWorld modz2/RimWorldWin64_Data/Mono/data-000001D35D233A30.dll
Fallback handler could not load library C:/Users/Adrian Jagielak/Desktop/RimWorld modz2/RimWorldWin64_Data/Mono/data-000001D35D26DA60.dll
Fallback handler could not load library C:/Users/Adrian Jagielak/Desktop/RimWorld modz2/RimWorldWin64_Data/Mono/data-000001D35D0A4EE0.dll
Fallback handler could not load library C:/Users/Adrian Jagielak/Desktop/RimWorld modz2/RimWorldWin64_Data/Mono/data-000001D388154C90.dll
Fallback handler could not load library C:/Users/Adrian Jagielak/Desktop/RimWorld modz2/RimWorldWin64_Data/Mono/data-000001D35D272A70.dll
Fallback handler could not load library C:/Users/Adrian Jagielak/Desktop/RimWorld modz2/RimWorldWin64_Data/Mono/data-000001D35D0A6EF0.dll
Fallback handler could not load library C:/Users/Adrian Jagielak/Desktop/RimWorld modz2/RimWorldWin64_Data/Mono/data-000001D35D277280.dll
Fallback handler could not load library C:/Users/Adrian Jagielak/Desktop/RimWorld modz2/RimWorldWin64_Data/Mono/data-000001D35D289CA0.dll
Fallback handler could not load library C:/Users/Adrian Jagielak/Desktop/RimWorld modz2/RimWorldWin64_Data/Mono/data-000001D358DEC650.dll
Fallback handler could not load library C:/Users/Adrian Jagielak/Desktop/RimWorld modz2/RimWorldWin64_Data/Mono/data-000001D35D28EEC0.dll
Fallback handler could not load library C:/Users/Adrian Jagielak/Desktop/RimWorld modz2/RimWorldWin64_Data/Mono/data-000001D35D2922D0.dll
Fallback handler could not load library C:/Users/Adrian Jagielak/Desktop/RimWorld modz2/RimWorldWin64_Data/Mono/data-000001D358DF8680.dll
Fallback handler could not load library C:/Users/Adrian Jagielak/Desktop/RimWorld modz2/RimWorldWin64_Data/Mono/data-000001D35D29A500.dll
Fallback handler could not load library C:/Users/Adrian Jagielak/Desktop/RimWorld modz2/RimWorldWin64_Data/Mono/data-000001D35D2A2530.dll
Fallback handler could not load library C:/Users/Adrian Jagielak/Desktop/RimWorld modz2/RimWorldWin64_Data/Mono/data-000001D35D2AF350.dll
Fallback handler could not load library C:/Users/Adrian Jagielak/Desktop/RimWorld modz2/RimWorldWin64_Data/Mono/data-000001D35D371590.dll
Fallback handler could not load library C:/Users/Adrian Jagielak/Desktop/RimWorld modz2/RimWorldWin64_Data/Mono/data-000001D35D4319B0.dll
Fallback handler could not load library C:/Users/Adrian Jagielak/Desktop/RimWorld modz2/RimWorldWin64_Data/Mono/data-000001D35D46D8F0.dll
Fallback handler could not load library C:/Users/Adrian Jagielak/Desktop/RimWorld modz2/RimWorldWin64_Data/Mono/data-000001D358EF9040.dll
Fallback handler could not load library C:/Users/Adrian Jagielak/Desktop/RimWorld modz2/RimWorldWin64_Data/Mono/data-000001D35D9C1110.dll
Fallback handler could not load library C:/Users/Adrian Jagielak/Desktop/RimWorld modz2/RimWorldWin64_Data/Mono/data-000001D35D52BA10.dll
Current MultiplayerAPI version: 0.3
Mod Prison Labor has MultiplayerAPI client (0.3)
Mod Hospitality has MultiplayerAPI client (0.3)
MPCompat :: Initialized compatibility for avilmask.commonsense
MPCompat :: Initialized compatibility for haplo.miscellaneous.training
MPCompat :: Initialized compatibility for haplo.powerswitch
MPCompat :: Initialized compatibility for hatti.qualitybuilder
MPCompat :: Initialized compatibility for rimfridge.kv.rw
MPCompat :: Initialized compatibility for mlie.simplymorebridges
MPCompat :: Initialized compatibility for dhultgren.smarterconstruction
MPCompat :: Initialized compatibility for vanillaexpanded.vaeendandext
MPCompat :: Initialized compatibility for vanillaexpanded.vbrewe
MPCompat :: Initialized compatibility for vanillaexpanded.vee
MPCompat :: Initialized compatibility for oskarpotocki.vanillafactionsexpanded.core
MPCompat :: Initialized compatibility for oskarpotocki.vfe.insectoid
MPCompat :: Initialized compatibility for oskarpotocki.vanillafactionsexpanded.settlersmodule
MPCompat :: Initialized compatibility for oskarpotocki.vfe.vikings
MPCompat :: Initialized compatibility for vanillaexpanded.vcef
MPCompat :: Initialized compatibility for vanillaexpanded.vfefarming
MPCompat :: Initialized compatibility for vanillaexpanded.vfepower
MPCompat :: Initialized compatibility for vanillaexpanded.vfesecurity
MPCompat :: Initialized compatibility for vanillaexpanded.vhe
[HugsLib] version 9.0.1
[Biomes! Core v2.0.0-beta] Initialized
Rim73 1.4a Initialized
[VanillaAchievementsExpanded] version 1.3.7862
XML error: Duplicate XML node name affordances in this XML block: <TerrainDef ParentName="WaterShallowBase"><defName>WaterShallow</defName><label>shallow water</label><texturePath>Terrain/Surfaces/WaterShallowRamp</texturePath><waterDepthShader>Map/WaterDepth</waterDepthShader><renderPrecedence>394</renderPrecedence><driesTo>Gravel</driesTo><affordances><li>BiomesCore_FreshWater_Bridgeable</li></affordances><affordances><li>VFEM_Moatable</li></affordances></TerrainDef> 
(Filename: C:\buildslave\unity\build\Runtime/Export/Debug/Debug.bindings.h Line: 39)

XML error: Duplicate XML node name affordances in this XML block: <TerrainDef ParentName="WaterShallowBase"><defName>Marsh</defName><label>marsh</label><texturePath>Terrain/Surfaces/Marsh</texturePath><edgeType>Water</edgeType><renderPrecedence>325</renderPrecedence><statBases><Beauty>-3</Beauty><BeautyOutdoors>0</BeautyOutdoors><Cleanliness>-2</Cleanliness></statBases><generatedFilth>Filth_Dirt</generatedFilth><fertility>0</fertility><takeFootprints>True</takeFootprints><avoidWander>true</avoidWander><driesTo>Soil</driesTo><extinguishesFire>true</extinguishesFire><tools><li><label>mud</label><capacities><li>KickMaterialInEyes</li></capacities><hediff>MudInEyes</hediff><cooldownTime>1.5</cooldownTime></li></tools><affordances><li>BiomesCore_FreshWater_Bridgeable</li></affordances><affordances><li>VFEM_Moatable</li></affordances><waterDepthShader>Map/WaterDepth</waterDepthShader><takeSplashes>true</takeSplashes></TerrainDef> 
(Filename: C:\buildslave\unity\build\Runtime/Export/Debug/Debug.bindings.h Line: 39)

XML error: <isBeard>true</isBeard> doesn't correspond to any field in type HairDefExtension. Context: <li Class="VanillaHairExpanded.HairDefExtension"><isBeard>true</isBeard></li> 
(Filename: C:\buildslave\unity\build\Runtime/Export/Debug/Debug.bindings.h Line: 39)

XML error: <isBeard>true</isBeard> doesn't correspond to any field in type HairDefExtension. Context: <li Class="VanillaHairExpanded.HairDefExtension"><isBeard>true</isBeard></li> 
(Filename: C:\buildslave\unity\build\Runtime/Export/Debug/Debug.bindings.h Line: 39)

XML error: <isBeard>true</isBeard> doesn't correspond to any field in type HairDefExtension. Context: <li Class="VanillaHairExpanded.HairDefExtension"><isBeard>true</isBeard></li> 
(Filename: C:\buildslave\unity\build\Runtime/Export/Debug/Debug.bindings.h Line: 39)

XML error: <isBeard>true</isBeard> doesn't correspond to any field in type HairDefExtension. Context: <li Class="VanillaHairExpanded.HairDefExtension"><isBeard>true</isBeard></li> 
(Filename: C:\buildslave\unity\build\Runtime/Export/Debug/Debug.bindings.h Line: 39)

XML error: <isBeard>true</isBeard> doesn't correspond to any field in type HairDefExtension. Context: <li Class="VanillaHairExpanded.HairDefExtension"><isBeard>true</isBeard></li> 
(Filename: C:\buildslave\unity\build\Runtime/Export/Debug/Debug.bindings.h Line: 39)

XML error: <isBeard>true</isBeard> doesn't correspond to any field in type HairDefExtension. Context: <li Class="VanillaHairExpanded.HairDefExtension"><isBeard>true</isBeard></li> 
(Filename: C:\buildslave\unity\build\Runtime/Export/Debug/Debug.bindings.h Line: 39)

XML error: <isBeard>true</isBeard> doesn't correspond to any field in type HairDefExtension. Context: <li Class="VanillaHairExpanded.HairDefExtension"><isBeard>true</isBeard></li> 
(Filename: C:\buildslave\unity\build\Runtime/Export/Debug/Debug.bindings.h Line: 39)

XML error: <isBeard>true</isBeard> doesn't correspond to any field in type HairDefExtension. Context: <li Class="VanillaHairExpanded.HairDefExtension"><isBeard>true</isBeard></li> 
(Filename: C:\buildslave\unity\build\Runtime/Export/Debug/Debug.bindings.h Line: 39)

XML error: <isBeard>true</isBeard> doesn't correspond to any field in type HairDefExtension. Context: <li Class="VanillaHairExpanded.HairDefExtension"><isBeard>true</isBeard></li> 
(Filename: C:\buildslave\unity\build\Runtime/Export/Debug/Debug.bindings.h Line: 39)

XML error: <isBeard>true</isBeard> doesn't correspond to any field in type HairDefExtension. Context: <li Class="VanillaHairExpanded.HairDefExtension"><isBeard>true</isBeard></li> 
(Filename: C:\buildslave\unity\build\Runtime/Export/Debug/Debug.bindings.h Line: 39)

XML error: <isBeard>true</isBeard> doesn't correspond to any field in type HairDefExtension. Context: <li Class="VanillaHairExpanded.HairDefExtension"><isBeard>true</isBeard></li> 
(Filename: C:\buildslave\unity\build\Runtime/Export/Debug/Debug.bindings.h Line: 39)

XML error: <isBeard>true</isBeard> doesn't correspond to any field in type HairDefExtension. Context: <li Class="VanillaHairExpanded.HairDefExtension"><isBeard>true</isBeard></li> 
(Filename: C:\buildslave\unity\build\Runtime/Export/Debug/Debug.bindings.h Line: 39)

XML error: <isBeard>true</isBeard> doesn't correspond to any field in type HairDefExtension. Context: <li Class="VanillaHairExpanded.HairDefExtension"><isBeard>true</isBeard></li> 
(Filename: C:\buildslave\unity\build\Runtime/Export/Debug/Debug.bindings.h Line: 39)

XML error: <isBeard>true</isBeard> doesn't correspond to any field in type HairDefExtension. Context: <li Class="VanillaHairExpanded.HairDefExtension"><isBeard>true</isBeard></li> 
(Filename: C:\buildslave\unity\build\Runtime/Export/Debug/Debug.bindings.h Line: 39)

XML error: <isBeard>true</isBeard> doesn't correspond to any field in type HairDefExtension. Context: <li Class="VanillaHairExpanded.HairDefExtension"><isBeard>true</isBeard></li> 
(Filename: C:\buildslave\unity\build\Runtime/Export/Debug/Debug.bindings.h Line: 39)

Could not resolve cross-reference: No Verse.SoundDef named ZDuck_BigDuck_Wounded found to give to Verse.LifeStageAge Verse.LifeStageAge (using undefined sound instead) 
(Filename: C:\buildslave\unity\build\Runtime/Export/Debug/Debug.bindings.h Line: 39)

Could not resolve cross-reference: No Verse.SoundDef named ZDuck_BigDuck_Death found to give to Verse.LifeStageAge Verse.LifeStageAge (using undefined sound instead) 
(Filename: C:\buildslave\unity\build\Runtime/Export/Debug/Debug.bindings.h Line: 39)

Could not resolve cross-reference: No Verse.SoundDef named ZDuck_BigDuck_Call found to give to Verse.LifeStageAge Verse.LifeStageAge (using undefined sound instead) 
(Filename: C:\buildslave\unity\build\Runtime/Export/Debug/Debug.bindings.h Line: 39)

Could not resolve cross-reference: No Verse.SoundDef named ZDuck_BigDuck_Angry found to give to Verse.LifeStageAge Verse.LifeStageAge (using undefined sound instead) 
(Filename: C:\buildslave\unity\build\Runtime/Export/Debug/Debug.bindings.h Line: 39)

SimplyMoreBridges: Found 7 materials to generate bridge-definitions for.
SimplyMoreBridges: Generated the following stony bridges: DeepWaterBridgeSandstone,HeavyBridgeSandstone,DeepWaterBridgeGranite,HeavyBridgeGranite,DeepWaterBridgeLimestone,HeavyBridgeLimestone,DeepWaterBridgeSlate,HeavyBridgeSlate,DeepWaterBridgeMarble,HeavyBridgeMarble
SimplyMoreBridges: Generated the following metal bridges: DeepWaterBridgeSteel,HeavyBridgeSteel,DeepWaterBridgePlasteel,HeavyBridgePlasteel
<color=orange>[OskarObnoxious]</color> version 1.3.0010
Translation data for language Polish has 2165 errors. Generate translation report for more info. 
(Filename: C:\buildslave\unity\build\Runtime/Export/Debug/Debug.bindings.h Line: 39)

Multiplayer version 0.6.0.4
Player's username: Jagi
[PL] Trying to find: Quarry 1.1, Result: False
[PL] Trying to find: Kijin Race 2.0, Result: False
Enabled Prison Labor v1.3.5
<color=orange>[CSG]</color> Symbols Creator Started.
<color=orange>[CSG]</color> Created 9435 symbolDefs for 4 mods. Took 00.04s.
[Biomes! Islands v2.0.0-beta] Initialized
Error in static constructor of RimFridge.HarmonyPatches: System.TypeInitializationException: The type initializer for 'RimFridge.HarmonyPatches' threw an exception. ---> HarmonyLib.HarmonyException: Patching exception in method null ---> System.ArgumentException: Undefined target method for patch method static System.Void RimFridge.Patch_FoodUtility_TryFindBestFoodSourceFor::Postfix(System.Boolean& __result, Verse.Pawn getter, Verse.Pawn eater, System.Boolean desperate, Verse.Thing& foodSource, Verse.ThingDef& foodDef, System.Boolean canRefillDispenser, System.Boolean canUseInventory, System.Boolean canUsePackAnimalInventory, System.Boolean allowForbidden, System.Boolean allowCorpse, System.Boolean allowSociallyImproper, System.Boolean allowHarvest, System.Boolean forceScanWholeMap, System.Boolean ignoreReservations, System.Boolean calculateWantedStackCount, RimWorld.FoodPreferability minPrefOverride)
  at HarmonyLib.PatchClassProcessor.PatchWithAttributes (System.Reflection.MethodBase& lastOriginal) [0x00047] in <c38a8c3281a047488dac8c9d063b7abb>:0 
  at HarmonyLib.PatchClassProcessor.Patch () [0x00057] in <c38a8c3281a047488dac8c9d063b7abb>:0 
   --- End of inner exception stack trace ---
  at HarmonyLib.PatchClassProcessor.ReportException (System.Exception exception, System.Reflection.MethodBase original) [0x00127] in <c38a8c3281a047488dac8c9d063b7abb>:0 
  at HarmonyLib.PatchClassProcessor.Patch () [0x00082] in <c38a8c3281a047488dac8c9d063b7abb>:0 
  at HarmonyLib.Harmony.<PatchAll>b__10_0 (System.Type type) [0x00007] in <c38a8c3281a047488dac8c9d063b7abb>:0 
  at HarmonyLib.CollectionExtensions.Do[T] (System.Collections.Generic.IEnumerable`1[T] sequence, System.Action`1[T] action) [0x00014] in <c38a8c3281a047488dac8c9d063b7abb>:0 
  at HarmonyLib.Harmony.PatchAll (System.Reflection.Assembly assembly) [0x00006] in <c38a8c3281a047488dac8c9d063b7abb>:0 
  at RimFridge.HarmonyPatches..cctor () [0x0000f] in <a54bc8ce65134734991d74cc3d71a125>:0 
   --- End of inner exception stack trace ---
  at (wrapper managed-to-native) System.Runtime.CompilerServices.RuntimeHelpers.RunClassConstructor(intptr)
  at System.Runtime.CompilerServices.RuntimeHelpers.RunClassConstructor (System.RuntimeTypeHandle type) [0x0002a] in <eae584ce26bc40229c1b1aa476bfa589>:0 
  at Verse.StaticConstructorOnStartupUtility.CallAll () [0x0001a] in <b64badbf3c3d41018b3ca5d3e8c77771>:0  
(Filename: C:\buildslave\unity\build\Runtime/Export/Debug/Debug.bindings.h Line: 39)

Rim73 cached 193 heddifs.
More Vanilla Biomes initialized
OnLevelWasLoaded was found on ModInitializerComponent
This message has been deprecated and will be removed in a later version of Unity.
Add a delegate to SceneManager.sceneLoaded instead to get notifications after scene loading has completed 
(Filename:  Line: 369)

[HugsLib] initializing Hospitality, yayoAni
Connecting to lan server
Jagi 0 Net client connected
Game data size: 1336925
Unloading 5 Unused Serialized files (Serialized files now loaded: 0)
UnloadTime: 0.354900 ms
QualityBuilder added property to '253' things

Unloading 278 unused Assets to reduce memory usage. Loaded Objects now: 22101.
Total: 294.489900 ms (FindLiveObjects: 0.896800 ms CreateObjectMapping: 0.971400 ms MarkObjects: 292.219000 ms  DeleteObjects: 0.402200 ms)

Map.ExposeData post rand 0 LoadingVars 836
Map.ExposeData post rand 0 ResolvingCrossRefs 0
Map.ExposeData post rand 0 PostLoadInit 0
Init map with cmds 0
Map.FinalizeLoading post rand 0 590
GC : animation data count [0 -> 0]
Rim73 > Loaded new game, resetting caching variables 
(Filename: C:\buildslave\unity\build\Runtime/Export/Debug/Debug.bindings.h Line: 39)

QualityBuilder added to polecenia category.
Game.LoadGame post rand 14
Game loaded
Unloading 0 Unused Serialized files (Serialized files now loaded: 0)

Unloading 0 unused Assets to reduce memory usage. Loaded Objects now: 26705.
Total: 335.363300 ms (FindLiveObjects: 1.183900 ms CreateObjectMapping: 1.162900 ms MarkObjects: 332.908600 ms  DeleteObjects: 0.107500 ms)

rand calls 0
rand state 2981265649172482
rand calls 0
rand state 2981424562962434
Jagi 2531303 Set world speed Paused 2531303 6067631
rand calls 0
rand state 2982094577860610
Jagi 2532095 Set world speed Fast 2532095 6067631
rand calls 0
rand state 2982094577860610
Jagi 2532120 Desynced after tick -1: Wrong random state on map 0
Desync info writing took 1813
Multiplayer: requesting rejoin
Multiplayer: rejoining
Unloading 3 Unused Serialized files (Serialized files now loaded: 0)
UnloadTime: 0.603300 ms

Unloading 4189 unused Assets to reduce memory usage. Loaded Objects now: 23696.
Total: 281.483200 ms (FindLiveObjects: 1.154700 ms CreateObjectMapping: 1.965600 ms MarkObjects: 273.216100 ms  DeleteObjects: 5.146300 ms)

Game data size: 1337169
Unloading 2 Unused Serialized files (Serialized files now loaded: 0)
UnloadTime: 0.409800 ms

Unloading 1 unused Assets to reduce memory usage. Loaded Objects now: 23716.
Total: 346.584900 ms (FindLiveObjects: 0.927300 ms CreateObjectMapping: 0.979800 ms MarkObjects: 344.563500 ms  DeleteObjects: 0.113400 ms)

QualityBuilder added property to '0' things
Map.ExposeData post rand 0 LoadingVars 838
Map.ExposeData post rand 0 ResolvingCrossRefs 0
Map.ExposeData post rand 0 PostLoadInit 0
Init map with cmds 0
Map.FinalizeLoading post rand 0 589
GC : animation data count [139 -> 0]
Rim73 > Loaded new game, resetting caching variables 
(Filename: C:\buildslave\unity\build\Runtime/Export/Debug/Debug.bindings.h Line: 39)

Game.LoadGame post rand 3
Game loaded
Unloading 0 Unused Serialized files (Serialized files now loaded: 0)

Unloading 0 unused Assets to reduce memory usage. Loaded Objects now: 27949.
Total: 369.819500 ms (FindLiveObjects: 1.190900 ms CreateObjectMapping: 1.219100 ms MarkObjects: 367.305600 ms  DeleteObjects: 0.103200 ms)

Jagi 2532221 Set world speed Paused 2532221 6068488
rand calls 0
rand state 2982786067595266
rand calls 0
rand state 2982786067595266
Jagi 2532253 Set world speed Fast 2532253 6068488
rand calls 0
rand state 2982786067595266
Jagi 2532367 Set world speed Paused 2532367 6068830
rand calls 0
rand state 2983056650534914
Jagi 2533040 Set world speed Fast 2533040 6068830
rand calls 0
rand state 2983056650534914
Jagi 2533052 Desynced after tick -1: Wrong random state on map 0
Desync info writing took 1848
Multiplayer: requesting rejoin
Multiplayer: rejoining
Unloading 3 Unused Serialized files (Serialized files now loaded: 0)
UnloadTime: 0.778500 ms

Unloading 4178 unused Assets to reduce memory usage. Loaded Objects now: 23711.
Total: 321.402300 ms (FindLiveObjects: 1.150300 ms CreateObjectMapping: 1.363300 ms MarkObjects: 312.802500 ms  DeleteObjects: 6.086000 ms)

Game data size: 1337571
Unloading 2 Unused Serialized files (Serialized files now loaded: 0)
UnloadTime: 0.399100 ms

Unloading 1 unused Assets to reduce memory usage. Loaded Objects now: 23731.
Total: 375.891300 ms (FindLiveObjects: 0.951300 ms CreateObjectMapping: 0.954100 ms MarkObjects: 373.935500 ms  DeleteObjects: 0.050100 ms)

QualityBuilder added property to '0' things
Map.ExposeData post rand 0 LoadingVars 838
Map.ExposeData post rand 0 ResolvingCrossRefs 0
Map.ExposeData post rand 0 PostLoadInit 0
Init map with cmds 0
Map.FinalizeLoading post rand 0 589
GC : animation data count [136 -> 0]
Rim73 > Loaded new game, resetting caching variables 
(Filename: C:\buildslave\unity\build\Runtime/Export/Debug/Debug.bindings.h Line: 39)

Game.LoadGame post rand 3
Game loaded
Unloading 0 Unused Serialized files (Serialized files now loaded: 0)

Unloading 0 unused Assets to reduce memory usage. Loaded Objects now: 27945.
Total: 400.538900 ms (FindLiveObjects: 1.076100 ms CreateObjectMapping: 1.252800 ms MarkObjects: 398.107700 ms  DeleteObjects: 0.101600 ms)

rand calls 0
rand state 2983254219030530
Jagi 2533224 Set world speed Paused 2533224 6069383
rand calls 0
rand state 2983494737199106
Jagi 2533772 Desynced after tick -1: Random state from commands doesn't match
Desync info writing took 1838
Multiplayer: requesting rejoin
Multiplayer: rejoining
Unloading 3 Unused Serialized files (Serialized files now loaded: 0)
UnloadTime: 0.500800 ms

Unloading 4184 unused Assets to reduce memory usage. Loaded Objects now: 23717.
Total: 342.768200 ms (FindLiveObjects: 1.166200 ms CreateObjectMapping: 1.210300 ms MarkObjects: 335.495100 ms  DeleteObjects: 4.895300 ms)

Game data size: 1335763
Unloading 2 Unused Serialized files (Serialized files now loaded: 0)
UnloadTime: 0.389100 ms
QualityBuilder added property to '0' things

Unloading 1 unused Assets to reduce memory usage. Loaded Objects now: 23737.
Total: 405.590200 ms (FindLiveObjects: 0.941300 ms CreateObjectMapping: 0.986800 ms MarkObjects: 403.556800 ms  DeleteObjects: 0.104900 ms)

Map.ExposeData post rand 0 LoadingVars 838
Map.ExposeData post rand 0 ResolvingCrossRefs 0
Map.ExposeData post rand 0 PostLoadInit 0
Init map with cmds 0
Map.FinalizeLoading post rand 0 589
GC : animation data count [17 -> 0]
Rim73 > Loaded new game, resetting caching variables 
(Filename: C:\buildslave\unity\build\Runtime/Export/Debug/Debug.bindings.h Line: 39)

Game.LoadGame post rand 3
Game loaded
Unloading 0 Unused Serialized files (Serialized files now loaded: 0)

Unloading 0 unused Assets to reduce memory usage. Loaded Objects now: 27937.
Total: 432.305600 ms (FindLiveObjects: 1.118000 ms CreateObjectMapping: 1.781500 ms MarkObjects: 429.309800 ms  DeleteObjects: 0.095500 ms)

rand calls 0
rand state 2983494737199106
Stopping multiplayer session from virtual System.Void Multiplayer.Client.Networking.MpClientNetListener::OnPeerDisconnected(LiteNetLib.NetPeer peer, LiteNetLib.DisconnectInfo info)
Jagi 0 Net client disconnected RemoteConnectionClose
Stopping multiplayer session from static System.Void Multiplayer.Client.Shutdown_Quit_Patch::Prefix()
Unloading 3 Unused Serialized files (Serialized files now loaded: 0)
UnloadTime: 0.678200 ms

Unloading 4179 unused Assets to reduce memory usage. Loaded Objects now: 23725.
Total: 371.610700 ms (FindLiveObjects: 1.442800 ms CreateObjectMapping: 1.273300 ms MarkObjects: 362.964800 ms  DeleteObjects: 5.929500 ms)

Stopping multiplayer session from static System.Void Multiplayer.Client.Shutdown_Quit_Patch::Prefix()
Stopping multiplayer session from System.Void Multiplayer.Client.OnMainThread::OnApplicationQuit()
Setting up 6 worker threads for Enlighten.
  Thread -> id: f48 -> priority: 1 
  Thread -> id: 3fec -> priority: 1 
  Thread -> id: 4820 -> priority: 1 
  Thread -> id: 40f0 -> priority: 1 
  Thread -> id: 1cd8 -> priority: 1 
  Thread -> id: 42a0 -> priority: 1 
