Mono path[0] = 'C:/Users/Adrian Jagielak/Desktop/RimWorld modz2/RimWorldWin64_Data/Managed'
Mono config path = 'C:/Users/Adrian Jagielak/Desktop/RimWorld modz2/MonoBleedingEdge/etc'
Initialize engine version: 2019.4.30f1 (e8c891080a1f)
[Subsystems] Discovering subsystems at path C:/Users/Adrian Jagielak/Desktop/RimWorld modz2/RimWorldWin64_Data/UnitySubsystems
GfxDevice: creating device client; threaded=1
Direct3D:
    Version:  Direct3D 11.0 [level 11.1]
    Renderer: NVIDIA GeForce GTX 1650 Ti (ID=0x1f95)
    Vendor:   
    VRAM:     3962 MB
    Driver:   27.21.14.5749
Begin MonoManager ReloadAssembly
- Completed reload, in  2.023 seconds
<RI> Initializing input.
<RI> Input initialized.
<RI> Initialized touch support.
UnloadTime: 0.605600 ms
RimWorld 1.3.3117 rev669
Attempt to use string packageid to refer to field packageId in type Verse.ModMetaData+ModMetaDataInternal; xml tags are now case-sensitive. XML: <ModMetaData><name>[Sub_Mod] Vanilla Furniture Expanded - Power [PL]</name><author>Hades3623</author><supportedVersions><li>1.0</li><li>1.1</li><li>1.2</li><li>1.3</li></supportedVersions><packageid>PL.VFEPOWER.PL</packageid><description> 
[b]Fully functional mod translation[/b]
[b]Modification[/b]: Vanilla Furniture Expanded - Power
[b]Author[/b]: Oskar Potocki, Sarg Bjornson
[b]Link to modify[/b]: https://steamcommunity.com/sharedfiles/filedetails/?id=2062943477
[b]Github link[/b]: [NONE]

Vanilla Furniture Expanded - Power dodaje mnóstwo nowych źródeł zasilania, począwszy od małych przenośnych generatorów i wielkoskalowych przemysłowych, aż po zaawansowane, oparte na technologii kosmicznej, źródła energii oraz unikalny, a jednocześnie łatwy do zrozumienia generator jądrowy . Wybór nowych baterii pomoże ci w magazynowaniu energii, podczas gdy nowe narzędzia, takie jak piorunochron i pompa chemiopaliwa, dadzą ci zupełnie nowe sposoby na uzyskanie energii i paliwa.

Jeżeli spolszczenie jest dla ciebie przydatne zostaw 👍 👍 👍

Dołącz do polskiej społeczności RimWorld już teraz! Kliknij w link i dołącz rozwijającego się kanału Discord:[url] https://discord.gg/WZksa8G [/url]

</description></ModMetaData> 
(Filename: C:\buildslave\unity\build\Runtime/Export/Debug/Debug.bindings.h Line: 39)

Mod Uninstall Rimefeller is missing packageId in About.xml! (example: <packageId>AuthorName.ModName.Specific</packageId>) 
(Filename: C:\buildslave\unity\build\Runtime/Export/Debug/Debug.bindings.h Line: 39)

Mod [Sub_Mod] Vanilla Cooking Expanded - Stews [PL] is missing packageId in About.xml! (example: <packageId>AuthorName.ModName.Specific</packageId>) 
(Filename: C:\buildslave\unity\build\Runtime/Export/Debug/Debug.bindings.h Line: 39)

Fallback handler could not load library C:/Users/Adrian Jagielak/Desktop/RimWorld modz2/RimWorldWin64_Data/Mono/data-000002B094DB5060.dll
Fallback handler could not load library C:/Users/Adrian Jagielak/Desktop/RimWorld modz2/RimWorldWin64_Data/Mono/data-000002B094C4C060.dll
Fallback handler could not load library C:/Users/Adrian Jagielak/Desktop/RimWorld modz2/RimWorldWin64_Data/Mono/data-000002B065965040.dll
Fallback handler could not load library C:/Users/Adrian Jagielak/Desktop/RimWorld modz2/RimWorldWin64_Data/Mono/data-000002B094E82280.dll
Fallback handler could not load library C:/Users/Adrian Jagielak/Desktop/RimWorld modz2/RimWorldWin64_Data/Mono/data-000002B094CBB010.dll
Fallback handler could not load library C:/Users/Adrian Jagielak/Desktop/RimWorld modz2/RimWorldWin64_Data/Mono/data-000002B094CCCA20.dll
Fallback handler could not load library C:/Users/Adrian Jagielak/Desktop/RimWorld modz2/RimWorldWin64_Data/Mono/data-000002B094E8BC90.dll
Fallback handler could not load library C:/Users/Adrian Jagielak/Desktop/RimWorld modz2/RimWorldWin64_Data/Mono/data-000002B094EA3CA0.dll
Fallback handler could not load library C:/Users/Adrian Jagielak/Desktop/RimWorld modz2/RimWorldWin64_Data/Mono/data-000002B095007010.dll
Fallback handler could not load library C:/Users/Adrian Jagielak/Desktop/RimWorld modz2/RimWorldWin64_Data/Mono/data-000002B0657AB020.dll
Fallback handler could not load library C:/Users/Adrian Jagielak/Desktop/RimWorld modz2/RimWorldWin64_Data/Mono/data-000002B0695569E0.dll
Fallback handler could not load library C:/Users/Adrian Jagielak/Desktop/RimWorld modz2/RimWorldWin64_Data/Mono/data-000002B069597FF0.dll
Fallback handler could not load library C:/Users/Adrian Jagielak/Desktop/RimWorld modz2/RimWorldWin64_Data/Mono/data-000002B06959F200.dll
Fallback handler could not load library C:/Users/Adrian Jagielak/Desktop/RimWorld modz2/RimWorldWin64_Data/Mono/data-000002B0695C7230.dll
Fallback handler could not load library C:/Users/Adrian Jagielak/Desktop/RimWorld modz2/RimWorldWin64_Data/Mono/data-000002B0695FF850.dll
Fallback handler could not load library C:/Users/Adrian Jagielak/Desktop/RimWorld modz2/RimWorldWin64_Data/Mono/data-000002B069675010.dll
Fallback handler could not load library C:/Users/Adrian Jagielak/Desktop/RimWorld modz2/RimWorldWin64_Data/Mono/data-000002B094D1E880.dll
Fallback handler could not load library C:/Users/Adrian Jagielak/Desktop/RimWorld modz2/RimWorldWin64_Data/Mono/data-000002B06968E420.dll
Fallback handler could not load library C:/Users/Adrian Jagielak/Desktop/RimWorld modz2/RimWorldWin64_Data/Mono/data-000002B0655A8E90.dll
Fallback handler could not load library C:/Users/Adrian Jagielak/Desktop/RimWorld modz2/RimWorldWin64_Data/Mono/data-000002B06969B440.dll
Fallback handler could not load library C:/Users/Adrian Jagielak/Desktop/RimWorld modz2/RimWorldWin64_Data/Mono/data-000002B0696C3A60.dll
Fallback handler could not load library C:/Users/Adrian Jagielak/Desktop/RimWorld modz2/RimWorldWin64_Data/Mono/data-000002B0696DDA70.dll
Fallback handler could not load library C:/Users/Adrian Jagielak/Desktop/RimWorld modz2/RimWorldWin64_Data/Mono/data-000002B0696DF480.dll
Fallback handler could not load library C:/Users/Adrian Jagielak/Desktop/RimWorld modz2/RimWorldWin64_Data/Mono/data-000002B0696E2C90.dll
Fallback handler could not load library C:/Users/Adrian Jagielak/Desktop/RimWorld modz2/RimWorldWin64_Data/Mono/data-000002B0696519A0.dll
Fallback handler could not load library C:/Users/Adrian Jagielak/Desktop/RimWorld modz2/RimWorldWin64_Data/Mono/data-000002B0696ED6B0.dll
Fallback handler could not load library C:/Users/Adrian Jagielak/Desktop/RimWorld modz2/RimWorldWin64_Data/Mono/data-000002B095039E40.dll
Fallback handler could not load library C:/Users/Adrian Jagielak/Desktop/RimWorld modz2/RimWorldWin64_Data/Mono/data-000002B0696FF2D0.dll
Fallback handler could not load library C:/Users/Adrian Jagielak/Desktop/RimWorld modz2/RimWorldWin64_Data/Mono/data-000002B0697008E0.dll
Fallback handler could not load library C:/Users/Adrian Jagielak/Desktop/RimWorld modz2/RimWorldWin64_Data/Mono/data-000002B06970ECF0.dll
Fallback handler could not load library C:/Users/Adrian Jagielak/Desktop/RimWorld modz2/RimWorldWin64_Data/Mono/data-000002B069718300.dll
Fallback handler could not load library C:/Users/Adrian Jagielak/Desktop/RimWorld modz2/RimWorldWin64_Data/Mono/data-000002B09503B450.dll
Fallback handler could not load library C:/Users/Adrian Jagielak/Desktop/RimWorld modz2/RimWorldWin64_Data/Mono/data-000002B0697DE020.dll
Fallback handler could not load library C:/Users/Adrian Jagielak/Desktop/RimWorld modz2/RimWorldWin64_Data/Mono/data-000002B069825440.dll
Fallback handler could not load library C:/Users/Adrian Jagielak/Desktop/RimWorld modz2/RimWorldWin64_Data/Mono/data-000002B06983CE60.dll
Fallback handler could not load library C:/Users/Adrian Jagielak/Desktop/RimWorld modz2/RimWorldWin64_Data/Mono/data-000002B069851490.dll
Fallback handler could not load library C:/Users/Adrian Jagielak/Desktop/RimWorld modz2/RimWorldWin64_Data/Mono/data-000002B069857AB0.dll
Fallback handler could not load library C:/Users/Adrian Jagielak/Desktop/RimWorld modz2/RimWorldWin64_Data/Mono/data-000002B06985CAC0.dll
Fallback handler could not load library C:/Users/Adrian Jagielak/Desktop/RimWorld modz2/RimWorldWin64_Data/Mono/data-000002B069868CE0.dll
Fallback handler could not load library C:/Users/Adrian Jagielak/Desktop/RimWorld modz2/RimWorldWin64_Data/Mono/data-000002B06987BCF0.dll
Fallback handler could not load library C:/Users/Adrian Jagielak/Desktop/RimWorld modz2/RimWorldWin64_Data/Mono/data-000002B06987DF00.dll
Fallback handler could not load library C:/Users/Adrian Jagielak/Desktop/RimWorld modz2/RimWorldWin64_Data/Mono/data-000002B069880110.dll
Fallback handler could not load library C:/Users/Adrian Jagielak/Desktop/RimWorld modz2/RimWorldWin64_Data/Mono/data-000002B069887F20.dll
Fallback handler could not load library C:/Users/Adrian Jagielak/Desktop/RimWorld modz2/RimWorldWin64_Data/Mono/data-000002B06988AD30.dll
Fallback handler could not load library C:/Users/Adrian Jagielak/Desktop/RimWorld modz2/RimWorldWin64_Data/Mono/data-000002B0698A2760.dll
Fallback handler could not load library C:/Users/Adrian Jagielak/Desktop/RimWorld modz2/RimWorldWin64_Data/Mono/data-000002B0698A8770.dll
Fallback handler could not load library C:/Users/Adrian Jagielak/Desktop/RimWorld modz2/RimWorldWin64_Data/Mono/data-000002B0698AF780.dll
Fallback handler could not load library C:/Users/Adrian Jagielak/Desktop/RimWorld modz2/RimWorldWin64_Data/Mono/data-000002B0698D6830.dll
Fallback handler could not load library C:/Users/Adrian Jagielak/Desktop/RimWorld modz2/RimWorldWin64_Data/Mono/data-000002B0698EEFC0.dll
Fallback handler could not load library C:/Users/Adrian Jagielak/Desktop/RimWorld modz2/RimWorldWin64_Data/Mono/data-000002B069901FE0.dll
Fallback handler could not load library C:/Users/Adrian Jagielak/Desktop/RimWorld modz2/RimWorldWin64_Data/Mono/data-000002B0699CCE00.dll
Fallback handler could not load library C:/Users/Adrian Jagielak/Desktop/RimWorld modz2/RimWorldWin64_Data/Mono/data-000002B0699D3810.dll
Fallback handler could not load library C:/Users/Adrian Jagielak/Desktop/RimWorld modz2/RimWorldWin64_Data/Mono/data-000002B069A2A010.dll
Fallback handler could not load library C:/Users/Adrian Jagielak/Desktop/RimWorld modz2/RimWorldWin64_Data/Mono/data-000002B069A4F550.dll
Fallback handler could not load library C:/Users/Adrian Jagielak/Desktop/RimWorld modz2/RimWorldWin64_Data/Mono/data-000002B069A54760.dll
Fallback handler could not load library C:/Users/Adrian Jagielak/Desktop/RimWorld modz2/RimWorldWin64_Data/Mono/data-000002B069AC7010.dll
Fallback handler could not load library C:/Users/Adrian Jagielak/Desktop/RimWorld modz2/RimWorldWin64_Data/Mono/data-000002B069AD9C30.dll
Fallback handler could not load library C:/Users/Adrian Jagielak/Desktop/RimWorld modz2/RimWorldWin64_Data/Mono/data-000002B069AE2620.dll
Fallback handler could not load library C:/Users/Adrian Jagielak/Desktop/RimWorld modz2/RimWorldWin64_Data/Mono/data-000002B069B03E40.dll
Fallback handler could not load library C:/Users/Adrian Jagielak/Desktop/RimWorld modz2/RimWorldWin64_Data/Mono/data-000002B069B2EE70.dll
Fallback handler could not load library C:/Users/Adrian Jagielak/Desktop/RimWorld modz2/RimWorldWin64_Data/Mono/data-000002B069A8B210.dll
Fallback handler could not load library C:/Users/Adrian Jagielak/Desktop/RimWorld modz2/RimWorldWin64_Data/Mono/data-000002B094C538C0.dll
Fallback handler could not load library C:/Users/Adrian Jagielak/Desktop/RimWorld modz2/RimWorldWin64_Data/Mono/data-000002B069B34460.dll
Fallback handler could not load library C:/Users/Adrian Jagielak/Desktop/RimWorld modz2/RimWorldWin64_Data/Mono/data-000002B069A9B290.dll
Fallback handler could not load library C:/Users/Adrian Jagielak/Desktop/RimWorld modz2/RimWorldWin64_Data/Mono/data-000002B069B39C80.dll
Fallback handler could not load library C:/Users/Adrian Jagielak/Desktop/RimWorld modz2/RimWorldWin64_Data/Mono/data-000002B069B3C690.dll
Fallback handler could not load library C:/Users/Adrian Jagielak/Desktop/RimWorld modz2/RimWorldWin64_Data/Mono/data-000002B0655B4EC0.dll
Fallback handler could not load library C:/Users/Adrian Jagielak/Desktop/RimWorld modz2/RimWorldWin64_Data/Mono/data-000002B069B528D0.dll
Fallback handler could not load library C:/Users/Adrian Jagielak/Desktop/RimWorld modz2/RimWorldWin64_Data/Mono/data-000002B069B55CE0.dll
Fallback handler could not load library C:/Users/Adrian Jagielak/Desktop/RimWorld modz2/RimWorldWin64_Data/Mono/data-000002B065598E50.dll
Fallback handler could not load library C:/Users/Adrian Jagielak/Desktop/RimWorld modz2/RimWorldWin64_Data/Mono/data-000002B069B57EF0.dll
Fallback handler could not load library C:/Users/Adrian Jagielak/Desktop/RimWorld modz2/RimWorldWin64_Data/Mono/data-000002B069B5BF10.dll
Fallback handler could not load library C:/Users/Adrian Jagielak/Desktop/RimWorld modz2/RimWorldWin64_Data/Mono/data-000002B069B68D30.dll
Fallback handler could not load library C:/Users/Adrian Jagielak/Desktop/RimWorld modz2/RimWorldWin64_Data/Mono/data-000002B069C2AF70.dll
Fallback handler could not load library C:/Users/Adrian Jagielak/Desktop/RimWorld modz2/RimWorldWin64_Data/Mono/data-000002B069CEB390.dll
Fallback handler could not load library C:/Users/Adrian Jagielak/Desktop/RimWorld modz2/RimWorldWin64_Data/Mono/data-000002B069D1F2C0.dll
Fallback handler could not load library C:/Users/Adrian Jagielak/Desktop/RimWorld modz2/RimWorldWin64_Data/Mono/data-000002B069D9AC10.dll
Fallback handler could not load library C:/Users/Adrian Jagielak/Desktop/RimWorld modz2/RimWorldWin64_Data/Mono/data-000002B06A181B60.dll
Fallback handler could not load library C:/Users/Adrian Jagielak/Desktop/RimWorld modz2/RimWorldWin64_Data/Mono/data-000002B097901010.dll
Current MultiplayerAPI version: 0.3
Mod Prison Labor has MultiplayerAPI client (0.3)
Mod Hospitality has MultiplayerAPI client (0.3)
MPCompat :: Initialized compatibility for avilmask.commonsense
MPCompat :: Initialized compatibility for haplo.miscellaneous.training
MPCompat :: Initialized compatibility for haplo.powerswitch
MPCompat :: Initialized compatibility for hatti.qualitybuilder
MPCompat :: Initialized compatibility for rimfridge.kv.rw
MPCompat :: Initialized compatibility for mlie.simplymorebridges
MPCompat :: Initialized compatibility for dhultgren.smarterconstruction
MPCompat :: Initialized compatibility for vanillaexpanded.vaeendandext
MPCompat :: Initialized compatibility for vanillaexpanded.vbrewe
MPCompat :: Initialized compatibility for vanillaexpanded.vee
MPCompat :: Initialized compatibility for oskarpotocki.vanillafactionsexpanded.core
MPCompat :: Initialized compatibility for oskarpotocki.vfe.insectoid
MPCompat :: Initialized compatibility for oskarpotocki.vanillafactionsexpanded.settlersmodule
MPCompat :: Initialized compatibility for oskarpotocki.vfe.vikings
MPCompat :: Initialized compatibility for vanillaexpanded.vcef
MPCompat :: Initialized compatibility for vanillaexpanded.vfefarming
MPCompat :: Initialized compatibility for vanillaexpanded.vfepower
MPCompat :: Initialized compatibility for vanillaexpanded.vfesecurity
MPCompat :: Initialized compatibility for vanillaexpanded.vhe
[HugsLib] version 9.0.1
[Biomes! Core v2.0.0-beta] Initialized
Rim73 1.4a Initialized
[VanillaAchievementsExpanded] version 1.3.7862
XML error: Duplicate XML node name affordances in this XML block: <TerrainDef ParentName="WaterShallowBase"><defName>WaterShallow</defName><label>shallow water</label><texturePath>Terrain/Surfaces/WaterShallowRamp</texturePath><waterDepthShader>Map/WaterDepth</waterDepthShader><renderPrecedence>394</renderPrecedence><driesTo>Gravel</driesTo><affordances><li>BiomesCore_FreshWater_Bridgeable</li></affordances><affordances><li>VFEM_Moatable</li></affordances></TerrainDef> 
(Filename: C:\buildslave\unity\build\Runtime/Export/Debug/Debug.bindings.h Line: 39)

XML error: Duplicate XML node name affordances in this XML block: <TerrainDef ParentName="WaterShallowBase"><defName>Marsh</defName><label>marsh</label><texturePath>Terrain/Surfaces/Marsh</texturePath><edgeType>Water</edgeType><renderPrecedence>325</renderPrecedence><statBases><Beauty>-3</Beauty><BeautyOutdoors>0</BeautyOutdoors><Cleanliness>-2</Cleanliness></statBases><generatedFilth>Filth_Dirt</generatedFilth><fertility>0</fertility><takeFootprints>True</takeFootprints><avoidWander>true</avoidWander><driesTo>Soil</driesTo><extinguishesFire>true</extinguishesFire><tools><li><label>mud</label><capacities><li>KickMaterialInEyes</li></capacities><hediff>MudInEyes</hediff><cooldownTime>1.5</cooldownTime></li></tools><affordances><li>BiomesCore_FreshWater_Bridgeable</li></affordances><affordances><li>VFEM_Moatable</li></affordances><waterDepthShader>Map/WaterDepth</waterDepthShader><takeSplashes>true</takeSplashes></TerrainDef> 
(Filename: C:\buildslave\unity\build\Runtime/Export/Debug/Debug.bindings.h Line: 39)

XML error: <isBeard>true</isBeard> doesn't correspond to any field in type HairDefExtension. Context: <li Class="VanillaHairExpanded.HairDefExtension"><isBeard>true</isBeard></li> 
(Filename: C:\buildslave\unity\build\Runtime/Export/Debug/Debug.bindings.h Line: 39)

XML error: <isBeard>true</isBeard> doesn't correspond to any field in type HairDefExtension. Context: <li Class="VanillaHairExpanded.HairDefExtension"><isBeard>true</isBeard></li> 
(Filename: C:\buildslave\unity\build\Runtime/Export/Debug/Debug.bindings.h Line: 39)

XML error: <isBeard>true</isBeard> doesn't correspond to any field in type HairDefExtension. Context: <li Class="VanillaHairExpanded.HairDefExtension"><isBeard>true</isBeard></li> 
(Filename: C:\buildslave\unity\build\Runtime/Export/Debug/Debug.bindings.h Line: 39)

XML error: <isBeard>true</isBeard> doesn't correspond to any field in type HairDefExtension. Context: <li Class="VanillaHairExpanded.HairDefExtension"><isBeard>true</isBeard></li> 
(Filename: C:\buildslave\unity\build\Runtime/Export/Debug/Debug.bindings.h Line: 39)

XML error: <isBeard>true</isBeard> doesn't correspond to any field in type HairDefExtension. Context: <li Class="VanillaHairExpanded.HairDefExtension"><isBeard>true</isBeard></li> 
(Filename: C:\buildslave\unity\build\Runtime/Export/Debug/Debug.bindings.h Line: 39)

XML error: <isBeard>true</isBeard> doesn't correspond to any field in type HairDefExtension. Context: <li Class="VanillaHairExpanded.HairDefExtension"><isBeard>true</isBeard></li> 
(Filename: C:\buildslave\unity\build\Runtime/Export/Debug/Debug.bindings.h Line: 39)

XML error: <isBeard>true</isBeard> doesn't correspond to any field in type HairDefExtension. Context: <li Class="VanillaHairExpanded.HairDefExtension"><isBeard>true</isBeard></li> 
(Filename: C:\buildslave\unity\build\Runtime/Export/Debug/Debug.bindings.h Line: 39)

XML error: <isBeard>true</isBeard> doesn't correspond to any field in type HairDefExtension. Context: <li Class="VanillaHairExpanded.HairDefExtension"><isBeard>true</isBeard></li> 
(Filename: C:\buildslave\unity\build\Runtime/Export/Debug/Debug.bindings.h Line: 39)

XML error: <isBeard>true</isBeard> doesn't correspond to any field in type HairDefExtension. Context: <li Class="VanillaHairExpanded.HairDefExtension"><isBeard>true</isBeard></li> 
(Filename: C:\buildslave\unity\build\Runtime/Export/Debug/Debug.bindings.h Line: 39)

XML error: <isBeard>true</isBeard> doesn't correspond to any field in type HairDefExtension. Context: <li Class="VanillaHairExpanded.HairDefExtension"><isBeard>true</isBeard></li> 
(Filename: C:\buildslave\unity\build\Runtime/Export/Debug/Debug.bindings.h Line: 39)

XML error: <isBeard>true</isBeard> doesn't correspond to any field in type HairDefExtension. Context: <li Class="VanillaHairExpanded.HairDefExtension"><isBeard>true</isBeard></li> 
(Filename: C:\buildslave\unity\build\Runtime/Export/Debug/Debug.bindings.h Line: 39)

XML error: <isBeard>true</isBeard> doesn't correspond to any field in type HairDefExtension. Context: <li Class="VanillaHairExpanded.HairDefExtension"><isBeard>true</isBeard></li> 
(Filename: C:\buildslave\unity\build\Runtime/Export/Debug/Debug.bindings.h Line: 39)

XML error: <isBeard>true</isBeard> doesn't correspond to any field in type HairDefExtension. Context: <li Class="VanillaHairExpanded.HairDefExtension"><isBeard>true</isBeard></li> 
(Filename: C:\buildslave\unity\build\Runtime/Export/Debug/Debug.bindings.h Line: 39)

XML error: <isBeard>true</isBeard> doesn't correspond to any field in type HairDefExtension. Context: <li Class="VanillaHairExpanded.HairDefExtension"><isBeard>true</isBeard></li> 
(Filename: C:\buildslave\unity\build\Runtime/Export/Debug/Debug.bindings.h Line: 39)

XML error: <isBeard>true</isBeard> doesn't correspond to any field in type HairDefExtension. Context: <li Class="VanillaHairExpanded.HairDefExtension"><isBeard>true</isBeard></li> 
(Filename: C:\buildslave\unity\build\Runtime/Export/Debug/Debug.bindings.h Line: 39)

Could not resolve cross-reference: No Verse.SoundDef named ZDuck_BigDuck_Wounded found to give to Verse.LifeStageAge Verse.LifeStageAge (using undefined sound instead) 
(Filename: C:\buildslave\unity\build\Runtime/Export/Debug/Debug.bindings.h Line: 39)

Could not resolve cross-reference: No Verse.SoundDef named ZDuck_BigDuck_Death found to give to Verse.LifeStageAge Verse.LifeStageAge (using undefined sound instead) 
(Filename: C:\buildslave\unity\build\Runtime/Export/Debug/Debug.bindings.h Line: 39)

Could not resolve cross-reference: No Verse.SoundDef named ZDuck_BigDuck_Call found to give to Verse.LifeStageAge Verse.LifeStageAge (using undefined sound instead) 
(Filename: C:\buildslave\unity\build\Runtime/Export/Debug/Debug.bindings.h Line: 39)

Could not resolve cross-reference: No Verse.SoundDef named ZDuck_BigDuck_Angry found to give to Verse.LifeStageAge Verse.LifeStageAge (using undefined sound instead) 
(Filename: C:\buildslave\unity\build\Runtime/Export/Debug/Debug.bindings.h Line: 39)

SimplyMoreBridges: Found 7 materials to generate bridge-definitions for.
SimplyMoreBridges: Generated the following stony bridges: DeepWaterBridgeSandstone,HeavyBridgeSandstone,DeepWaterBridgeGranite,HeavyBridgeGranite,DeepWaterBridgeLimestone,HeavyBridgeLimestone,DeepWaterBridgeSlate,HeavyBridgeSlate,DeepWaterBridgeMarble,HeavyBridgeMarble
SimplyMoreBridges: Generated the following metal bridges: DeepWaterBridgeSteel,HeavyBridgeSteel,DeepWaterBridgePlasteel,HeavyBridgePlasteel
<color=orange>[OskarObnoxious]</color> version 1.3.0010
Translation data for language Polish has 2165 errors. Generate translation report for more info. 
(Filename: C:\buildslave\unity\build\Runtime/Export/Debug/Debug.bindings.h Line: 39)

Multiplayer version 0.6.0.4
Player's username: Karcia
[PL] Trying to find: Quarry 1.1, Result: False
[PL] Trying to find: Kijin Race 2.0, Result: False
Enabled Prison Labor v1.3.5
<color=orange>[CSG]</color> Symbols Creator Started.
<color=orange>[CSG]</color> Created 9435 symbolDefs for 4 mods. Took 00.05s.
[Biomes! Islands v2.0.0-beta] Initialized
Error in static constructor of RimFridge.HarmonyPatches: System.TypeInitializationException: The type initializer for 'RimFridge.HarmonyPatches' threw an exception. ---> HarmonyLib.HarmonyException: Patching exception in method null ---> System.ArgumentException: Undefined target method for patch method static System.Void RimFridge.Patch_FoodUtility_TryFindBestFoodSourceFor::Postfix(System.Boolean& __result, Verse.Pawn getter, Verse.Pawn eater, System.Boolean desperate, Verse.Thing& foodSource, Verse.ThingDef& foodDef, System.Boolean canRefillDispenser, System.Boolean canUseInventory, System.Boolean canUsePackAnimalInventory, System.Boolean allowForbidden, System.Boolean allowCorpse, System.Boolean allowSociallyImproper, System.Boolean allowHarvest, System.Boolean forceScanWholeMap, System.Boolean ignoreReservations, System.Boolean calculateWantedStackCount, RimWorld.FoodPreferability minPrefOverride)
  at HarmonyLib.PatchClassProcessor.PatchWithAttributes (System.Reflection.MethodBase& lastOriginal) [0x00047] in <c38a8c3281a047488dac8c9d063b7abb>:0 
  at HarmonyLib.PatchClassProcessor.Patch () [0x00057] in <c38a8c3281a047488dac8c9d063b7abb>:0 
   --- End of inner exception stack trace ---
  at HarmonyLib.PatchClassProcessor.ReportException (System.Exception exception, System.Reflection.MethodBase original) [0x00127] in <c38a8c3281a047488dac8c9d063b7abb>:0 
  at HarmonyLib.PatchClassProcessor.Patch () [0x00082] in <c38a8c3281a047488dac8c9d063b7abb>:0 
  at HarmonyLib.Harmony.<PatchAll>b__10_0 (System.Type type) [0x00007] in <c38a8c3281a047488dac8c9d063b7abb>:0 
  at HarmonyLib.CollectionExtensions.Do[T] (System.Collections.Generic.IEnumerable`1[T] sequence, System.Action`1[T] action) [0x00014] in <c38a8c3281a047488dac8c9d063b7abb>:0 
  at HarmonyLib.Harmony.PatchAll (System.Reflection.Assembly assembly) [0x00006] in <c38a8c3281a047488dac8c9d063b7abb>:0 
  at RimFridge.HarmonyPatches..cctor () [0x0000f] in <a54bc8ce65134734991d74cc3d71a125>:0 
   --- End of inner exception stack trace ---
  at (wrapper managed-to-native) System.Runtime.CompilerServices.RuntimeHelpers.RunClassConstructor(intptr)
  at System.Runtime.CompilerServices.RuntimeHelpers.RunClassConstructor (System.RuntimeTypeHandle type) [0x0002a] in <eae584ce26bc40229c1b1aa476bfa589>:0 
  at Verse.StaticConstructorOnStartupUtility.CallAll () [0x0001a] in <b64badbf3c3d41018b3ca5d3e8c77771>:0  
(Filename: C:\buildslave\unity\build\Runtime/Export/Debug/Debug.bindings.h Line: 39)

Rim73 cached 193 heddifs.
More Vanilla Biomes initialized
OnLevelWasLoaded was found on ModInitializerComponent
This message has been deprecated and will be removed in a later version of Unity.
Add a delegate to SceneManager.sceneLoaded instead to get notifications after scene loading has completed 
(Filename:  Line: 369)

[HugsLib] initializing Hospitality, yayoAni
Connecting to lan server
Karcia 0 Net client connected
Stopping multiplayer session from virtual System.Void Multiplayer.Client.Networking.MpClientNetListener::OnPeerDisconnected(LiteNetLib.NetPeer peer, LiteNetLib.DisconnectInfo info)
Karcia 0 Net client disconnected RemoteConnectionClose
Connecting to lan server
Jagi 0 Net client connected
Game data size: 1164764
Unloading 5 Unused Serialized files (Serialized files now loaded: 0)
UnloadTime: 0.376000 ms

Unloading 278 unused Assets to reduce memory usage. Loaded Objects now: 22112.
Total: 267.305800 ms (FindLiveObjects: 0.886900 ms CreateObjectMapping: 1.031500 ms MarkObjects: 265.013600 ms  DeleteObjects: 0.373300 ms)

QualityBuilder added property to '253' things
Map.ExposeData post rand 0 LoadingVars 686
Map.ExposeData post rand 0 ResolvingCrossRefs 0
Map.ExposeData post rand 0 PostLoadInit 0
Init map with cmds 0
Map.FinalizeLoading post rand 0 577
GC : animation data count [0 -> 0]
Rim73 > Loaded new game, resetting caching variables 
(Filename: C:\buildslave\unity\build\Runtime/Export/Debug/Debug.bindings.h Line: 39)

QualityBuilder added to polecenia category.
Game.LoadGame post rand 3
Game loaded
Unloading 0 Unused Serialized files (Serialized files now loaded: 0)

Unloading 0 unused Assets to reduce memory usage. Loaded Objects now: 26506.
Total: 318.039800 ms (FindLiveObjects: 1.143900 ms CreateObjectMapping: 1.117100 ms MarkObjects: 315.685600 ms  DeleteObjects: 0.092200 ms)

rand calls 0
rand state 1210910194532354
rand calls 0
rand state 1210910194532354
rand calls 0
rand state 1210910194532354
Jagi 1120512 Set world speed Normal 1120512 3791214
rand calls 0
rand state 1210910194532354
Jagi 1120784 Set world speed Paused 1120784 3791487
rand calls 0
rand state 1211133532831746
Jagi 1157891 Set world speed Fast 1157891 3791487
rand calls 0
rand state 1211133532831746
Jagi 1157907 Set world speed Superfast 1157907 3791532
rand calls 0
rand state 1211176482504706
Jagi 1158300 Set world speed Normal 1158300 3793890
rand calls 0
rand state 1213006138572802
Jagi 1158363 Set world speed Superfast 1158363 3793953
rand calls 0
rand state 1213061973147650
terrainDef: WoodPlankFloor
terrainDef: WoodPlankFloor
terrainDef: WoodPlankFloor
terrainDef: WoodPlankFloor
terrainDef: WoodPlankFloor
terrainDef: WoodPlankFloor
terrainDef: WoodPlankFloor
terrainDef: WoodPlankFloor
terrainDef: WoodPlankFloor
terrainDef: WoodPlankFloor
QualityBuilder: Could not get quality from thing with defName 'Frame_RoyalBed'
Jagi 1159846 Set world speed Normal 1159846 3802851
rand calls 0
rand state 1220041295003650
Jagi 1160012 Set world speed Paused 1160012 3803017
rand calls 0
rand state 1220144374218754
Jagi 1160218 Set world speed Normal 1160218 3803017
rand calls 0
rand state 1220144374218754
Jagi 1161000 Set world speed Superfast 1161000 3803799
rand calls 0
rand state 1220780029378562
QualityBuilder: Could not get quality from thing with defName 'Frame_RoyalBed'
terrainDef: WoodPlankFloor
terrainDef: WoodPlankFloor
terrainDef: WoodPlankFloor
terrainDef: WoodPlankFloor
QualityBuilder: Could not get quality from thing with defName 'Frame_RoyalBed'
QualityBuilder: Could not get quality from thing with defName 'Frame_RoyalBed'
QualityBuilder: Could not get quality from thing with defName 'Frame_RoyalBed'
QualityBuilder: Could not get quality from thing with defName 'Frame_RoyalBed'
Grammar unresolvable. Root 'r_root'

GRAMMAR RESOLUTION TRACE
1    r_root → [RULE]
2      RULE → Tĥàƞкș ṭò ĥìğĥ ṁòòð, [PAWN_ƞàṁèIƞðèƑ] ĥàș èẋṗèṟìèƞçèð àƞ ìƞșṗìṟàṭìòƞ!
         PAWN_ƞàṁèIƞðèƑ → UNRESOLVABLE
       RULE → UNRESOLVABLE
     r_root → UNRESOLVABLE

INCLUDES
DynamicWrapper

CUSTOM RULES
■RULE → Tĥàƞкș ṭò ĥìğĥ ṁòòð, [PAWN_ƞàṁèIƞðèƑ] ĥàș èẋṗèṟìèƞçèð àƞ ìƞșṗìṟàṭìòƞ!
■PAWN_nameFull → <color=#D09B61FF>Noriko Horton</color>
■PAWN_label → <color=#D09B61FF>Horton</color>
■PAWN_definite → <color=#D09B61FF>Horton</color>
■PAWN_nameDef → <color=#D09B61FF>Horton</color>
■PAWN_indefinite → <color=#D09B61FF>Horton</color>
■PAWN_nameIndef → <color=#D09B61FF>Horton</color>
■PAWN_pronoun → ona
■PAWN_possessive → jej
■PAWN_objective → ją
■PAWN_factionName → <color=#00BCD8FF>Karcia's faction</color>
■PAWN_kind → poddany
■PAWN_title → pracownica sezonowa
■PAWN_titleIndef → pracownica sezonowa
■PAWN_titleDef → pracownica sezonowa
■PAWN_age → 31
■PAWN_chronologicalAge → 31
■formerlyColonistInfo → Horton był poprzednio częścią Twojej frakcji.
■PAWN_relationInfo → \n\nHorton to kochanka Twojego kolonisty Bowen.
 
(Filename: C:\buildslave\unity\build\Runtime/Export/Debug/Debug.bindings.h Line: 39)

Failed to resolve text. Trying again with English. 
(Filename: C:\buildslave\unity\build\Runtime/Export/Debug/Debug.bindings.h Line: 39)

terrainDef: WoodPlankFloor
terrainDef: WoodPlankFloor
terrainDef: WoodPlankFloor
terrainDef: WoodPlankFloor
terrainDef: WoodPlankFloor
terrainDef: WoodPlankFloor
terrainDef: WoodPlankFloor
terrainDef: WoodPlankFloor
terrainDef: WoodPlankFloor
terrainDef: WoodPlankFloor
terrainDef: WoodPlankFloor
terrainDef: WoodPlankFloor
terrainDef: WoodPlankFloor
terrainDef: WoodPlankFloor
terrainDef: WoodPlankFloor
GC : animation data count [91 -> 72]
Jagi 1168350 Desynced after tick 1168291: Wrong random state on map 0
Desync info writing took 1718
Multiplayer: requesting rejoin
Multiplayer: rejoining
Unloading 3 Unused Serialized files (Serialized files now loaded: 0)
UnloadTime: 0.813600 ms

Unloading 4107 unused Assets to reduce memory usage. Loaded Objects now: 23355.
Total: 295.363400 ms (FindLiveObjects: 1.428000 ms CreateObjectMapping: 1.301500 ms MarkObjects: 286.503200 ms  DeleteObjects: 6.129600 ms)

Game data size: 1152850
Unloading 2 Unused Serialized files (Serialized files now loaded: 0)
UnloadTime: 0.468400 ms

Unloading 1 unused Assets to reduce memory usage. Loaded Objects now: 23375.
Total: 329.597400 ms (FindLiveObjects: 1.100400 ms CreateObjectMapping: 0.966900 ms MarkObjects: 327.445100 ms  DeleteObjects: 0.084300 ms)

QualityBuilder added property to '0' things
Map.ExposeData post rand 0 LoadingVars 688
Map.ExposeData post rand 0 ResolvingCrossRefs 0
Map.ExposeData post rand 0 PostLoadInit 0
Init map with cmds 9
Map.FinalizeLoading post rand 0 577
GC : animation data count [79 -> 0]
Rim73 > Loaded new game, resetting caching variables 
(Filename: C:\buildslave\unity\build\Runtime/Export/Debug/Debug.bindings.h Line: 39)

Game.LoadGame post rand 3
Game loaded
Unloading 0 Unused Serialized files (Serialized files now loaded: 0)

Unloading 0 unused Assets to reduce memory usage. Loaded Objects now: 27426.
Total: 370.764900 ms (FindLiveObjects: 1.124500 ms CreateObjectMapping: 1.192300 ms MarkObjects: 368.368100 ms  DeleteObjects: 0.079700 ms)

Jagi 1168397 Set world speed Paused 1168397 3842562
rand calls 0
rand state 1250784670908418
rand calls 0
rand state 1250784670908418
Jagi 1187388 Set world speed Normal 1187388 3842562
rand calls 0
rand state 1250784670908418
Jagi 1187433 Desynced after tick 1187388: Wrong random state on map 0
Desync info writing took 1631
Stopping multiplayer session from static System.Void Multiplayer.Client.Shutdown_Quit_Patch::Prefix()
Stopping multiplayer session from static System.Void Multiplayer.Client.Shutdown_Quit_Patch::Prefix()
Unloading 2 Unused Serialized files (Serialized files now loaded: 0)
UnloadTime: 0.516800 ms

Unloading 4038 unused Assets to reduce memory usage. Loaded Objects now: 23363.
Total: 294.925800 ms (FindLiveObjects: 1.152800 ms CreateObjectMapping: 1.180600 ms MarkObjects: 287.664700 ms  DeleteObjects: 4.927100 ms)

Connecting to lan server
Jagi 0 Net client connected
Game data size: 1151934
Unloading 2 Unused Serialized files (Serialized files now loaded: 0)
UnloadTime: 0.383500 ms

Unloading 1 unused Assets to reduce memory usage. Loaded Objects now: 23383.
Total: 338.473000 ms (FindLiveObjects: 0.934100 ms CreateObjectMapping: 0.957300 ms MarkObjects: 336.492000 ms  DeleteObjects: 0.089100 ms)

QualityBuilder added property to '0' things
Map.ExposeData post rand 0 LoadingVars 686
Map.ExposeData post rand 0 ResolvingCrossRefs 0
Map.ExposeData post rand 0 PostLoadInit 0
Init map with cmds 0
Map.FinalizeLoading post rand 0 577
GC : animation data count [7 -> 0]
Rim73 > Loaded new game, resetting caching variables 
(Filename: C:\buildslave\unity\build\Runtime/Export/Debug/Debug.bindings.h Line: 39)

Game.LoadGame post rand 3
Game loaded
Unloading 0 Unused Serialized files (Serialized files now loaded: 0)

Unloading 0 unused Assets to reduce memory usage. Loaded Objects now: 27434.
Total: 377.054900 ms (FindLiveObjects: 1.254200 ms CreateObjectMapping: 1.192100 ms MarkObjects: 374.525700 ms  DeleteObjects: 0.082000 ms)

rand calls 0
rand state 1250836210515970
rand calls 0
rand state 1250849095417858
Jagi 1188240 Desynced after tick 1188181: Wrong random state on map 0
Desync info writing took 1639
Multiplayer: requesting rejoin
Multiplayer: rejoining
Unloading 2 Unused Serialized files (Serialized files now loaded: 0)
UnloadTime: 0.606500 ms

Unloading 4038 unused Assets to reduce memory usage. Loaded Objects now: 23370.
Total: 324.078500 ms (FindLiveObjects: 1.288500 ms CreateObjectMapping: 1.249300 ms MarkObjects: 316.525400 ms  DeleteObjects: 5.014600 ms)

Game data size: 1151968
Unloading 2 Unused Serialized files (Serialized files now loaded: 0)
UnloadTime: 0.476600 ms
QualityBuilder added property to '0' things

Unloading 1 unused Assets to reduce memory usage. Loaded Objects now: 23390.
Total: 361.947200 ms (FindLiveObjects: 1.054800 ms CreateObjectMapping: 1.034900 ms MarkObjects: 359.770100 ms  DeleteObjects: 0.086600 ms)

Map.ExposeData post rand 0 LoadingVars 686
Map.ExposeData post rand 0 ResolvingCrossRefs 0
Map.ExposeData post rand 0 PostLoadInit 0
Init map with cmds 0
Map.FinalizeLoading post rand 0 577
GC : animation data count [46 -> 0]
Rim73 > Loaded new game, resetting caching variables 
(Filename: C:\buildslave\unity\build\Runtime/Export/Debug/Debug.bindings.h Line: 39)

Game.LoadGame post rand 3
Game loaded
Unloading 0 Unused Serialized files (Serialized files now loaded: 0)

Unloading 0 unused Assets to reduce memory usage. Loaded Objects now: 27440.
Total: 406.078500 ms (FindLiveObjects: 1.419900 ms CreateObjectMapping: 1.227300 ms MarkObjects: 403.330600 ms  DeleteObjects: 0.100000 ms)

rand calls 0
rand state 1251364491493378
Jagi 1188439 Set world speed Paused 1188439 3843617
rand calls 0
rand state 1251420326068226
Jagi 1189046 Set world speed Normal 1189046 3843617
rand calls 0
rand state 1251420326068226
Jagi 1189652 Desynced after tick 1189591: Wrong random state on map 0
Desync info writing took 1624
Multiplayer: requesting rejoin
Multiplayer: rejoining
Unloading 2 Unused Serialized files (Serialized files now loaded: 0)
UnloadTime: 0.729100 ms

Unloading 4037 unused Assets to reduce memory usage. Loaded Objects now: 23377.
Total: 342.981600 ms (FindLiveObjects: 1.269500 ms CreateObjectMapping: 1.202200 ms MarkObjects: 334.847600 ms  DeleteObjects: 5.661600 ms)

Game data size: 1151717
Unloading 2 Unused Serialized files (Serialized files now loaded: 0)
UnloadTime: 0.391500 ms

Unloading 1 unused Assets to reduce memory usage. Loaded Objects now: 23397.
Total: 383.145800 ms (FindLiveObjects: 1.020000 ms CreateObjectMapping: 1.407200 ms MarkObjects: 380.637200 ms  DeleteObjects: 0.080900 ms)

QualityBuilder added property to '0' things
Map.ExposeData post rand 0 LoadingVars 686
Map.ExposeData post rand 0 ResolvingCrossRefs 0
Map.ExposeData post rand 0 PostLoadInit 0
Init map with cmds 0
Map.FinalizeLoading post rand 0 577
GC : animation data count [58 -> 0]
Rim73 > Loaded new game, resetting caching variables 
(Filename: C:\buildslave\unity\build\Runtime/Export/Debug/Debug.bindings.h Line: 39)

Game.LoadGame post rand 3
Game loaded
Unloading 0 Unused Serialized files (Serialized files now loaded: 0)

Unloading 0 unused Assets to reduce memory usage. Loaded Objects now: 27442.
Total: 425.760700 ms (FindLiveObjects: 1.282200 ms CreateObjectMapping: 1.207700 ms MarkObjects: 423.189100 ms  DeleteObjects: 0.080900 ms)

rand calls 0
rand state 1251875592601602
Def: PL_Overview, def.dev: False, dev: False
Def: PL_LaborWindow, def.dev: False, dev: False
Called PostOpen
Def: PL_ScheduleWindow, def.dev: False, dev: False
Def: PL_AssignWindow, def.dev: False, dev: False
Def: PL_DevWindow, def.dev: True, dev: False
Called PostOpen
QualityBuilder: Could not get quality from thing with defName 'Frame_RoyalBed'
QualityBuilder: Could not get quality from thing with defName 'Frame_RoyalBed'
QualityBuilder: Could not get quality from thing with defName 'Frame_RoyalBed'
Jagi 1217345 Set world speed Fast 1217345 3871918
rand calls 0
rand state 1269480663547906
Jagi 1217417 Set world speed Superfast 1217417 3872131
rand calls 0
rand state 1269613807534082
QualityBuilder: Could not get quality from thing with defName 'Frame_RoyalBed'
QualityBuilder: Could not get quality from thing with defName 'Frame_RoyalBed'
Jagi 1218161 Set world speed Normal 1218161 3876595
rand calls 0
rand state 1272439896014850
Jagi 1218442 Set world speed Paused 1218442 3876876
rand calls 0
rand state 1272620284641282
Called PostOpen
Jagi 1218801 Set world speed Normal 1218801 3876876
rand calls 0
rand state 1272620284641282
Jagi 1218876 Set world speed Paused 1218876 3876951
rand calls 0
rand state 1272676119216130
QualityBuilder: Could not get quality from thing with defName 'Frame_RoyalBed'
Jagi 1219168 Set world speed Normal 1219168 3876951
rand calls 0
rand state 1272676119216130
Jagi 1220808 Set world speed Paused 1220808 3878591
rand calls 0
rand state 1273698321432578
Jagi 1220845 Set world speed Normal 1220845 3878591
rand calls 0
rand state 1273698321432578
Jagi 1221427 Set world speed Paused 1221427 3879173
rand calls 0
rand state 1274071983587330
Jagi 1221467 Set world speed Normal 1221467 3879173
rand calls 0
rand state 1274071983587330
Jagi 1221540 Set world speed Paused 1221540 3879246
rand calls 0
rand state 1274102048358402
Jagi 1221599 Set world speed Normal 1221599 3879246
rand calls 0
rand state 1274102048358402
Jagi 1221755 Set world speed Paused 1221755 3879402
rand calls 0
rand state 1274200832606210
Jagi 1221848 Set world speed Normal 1221848 3879402
rand calls 0
rand state 1274200832606210
Jagi 1223878 Set world speed Fast 1223878 3881432
rand calls 0
rand state 1275480732860418
GC : animation data count [96 -> 69]
Jagi 1230722 Set world speed Normal 1230722 3901964
rand calls 0
rand state 1288528843505666
Jagi 1231889 Set world speed Paused 1231889 3903131
rand calls 0
rand state 1289280462782466
Jagi 1232080 Set world speed Normal 1232080 3903131
rand calls 0
rand state 1289280462782466
Jagi 1232373 Set world speed Paused 1232373 3903424
rand calls 0
rand state 1289465146376194
Jagi 1232636 Set world speed Normal 1232636 3903424
rand calls 0
rand state 1289465146376194
Jagi 1236645 Set world speed Fast 1236645 3907433
rand calls 0
rand state 1291990587146242
Jagi 1238643 Set world speed Normal 1238643 3913427
rand calls 0
rand state 1295783043268610
Jagi 1244199 Set world speed Fast 1244199 3918983
rand calls 0
rand state 1299330686255106
Squint tried to place hauled thing in container but is not hauling anything. 
(Filename: C:\buildslave\unity\build\Runtime/Export/Debug/Debug.bindings.h Line: 39)

QualityBuilder: Could not get quality from thing with defName 'Frame_RoyalBed'
Jagi 1246841 Set world speed Normal 1246841 3926909
rand calls 0
rand state 1304342913089538
Jagi 1246924 Set world speed Paused 1246924 3926992
rand calls 0
rand state 1304390157729794
Jagi 1248441 Set world speed Superfast 1248441 3926992
rand calls 0
rand state 1304390157729794
Jumper tried to place hauled thing in container but is not hauling anything. 
(Filename: C:\buildslave\unity\build\Runtime/Export/Debug/Debug.bindings.h Line: 39)

Jagi 1248568 Set world speed Normal 1248568 3927754
rand calls 0
rand state 1304884078968834
Jagi 1249167 Set world speed Fast 1249167 3928353
rand calls 0
rand state 1305262036090882
QualityBuilder: Could not get quality from thing with defName 'Frame_RoyalBed'
Jagi 1252110 Desynced after tick 1252051: Wrong random state on map 0
Desync info writing took 1663
Multiplayer: requesting rejoin
Multiplayer: rejoining
Unloading 3 Unused Serialized files (Serialized files now loaded: 0)
UnloadTime: 0.858400 ms

Unloading 4116 unused Assets to reduce memory usage. Loaded Objects now: 23707.
Total: 989.632100 ms (FindLiveObjects: 1.587800 ms CreateObjectMapping: 1.328700 ms MarkObjects: 980.113300 ms  DeleteObjects: 6.601300 ms)

Game data size: 1152803
Unloading 2 Unused Serialized files (Serialized files now loaded: 0)
UnloadTime: 0.429800 ms

Unloading 1 unused Assets to reduce memory usage. Loaded Objects now: 23727.
Total: 1028.155200 ms (FindLiveObjects: 1.030700 ms CreateObjectMapping: 1.013000 ms MarkObjects: 1026.035400 ms  DeleteObjects: 0.075300 ms)

QualityBuilder added property to '0' things
Map.ExposeData post rand 0 LoadingVars 633
Map.ExposeData post rand 0 ResolvingCrossRefs 0
Map.ExposeData post rand 0 PostLoadInit 0
Init map with cmds 0
Map.FinalizeLoading post rand 0 578
GC : animation data count [93 -> 0]
Rim73 > Loaded new game, resetting caching variables 
(Filename: C:\buildslave\unity\build\Runtime/Export/Debug/Debug.bindings.h Line: 39)

Game.LoadGame post rand 7
Game loaded
Unloading 0 Unused Serialized files (Serialized files now loaded: 0)

Unloading 0 unused Assets to reduce memory usage. Loaded Objects now: 27805.
Total: 1059.476500 ms (FindLiveObjects: 1.276700 ms CreateObjectMapping: 1.288000 ms MarkObjects: 1056.821300 ms  DeleteObjects: 0.090300 ms)

rand calls 0
rand state 1311008702332930
Jagi 1252299 Set world speed Paused 1252299 3937750
rand calls 0
rand state 1311232040632322
Jagi 1252794 Set world speed Normal 1252794 3937750
rand calls 0
rand state 1311232040632322
Jagi 1253325 Set world speed Fast 1253325 3938281
rand calls 0
rand state 1311584227950594
Jagi 1255745 Set world speed Paused 1255745 3945541
rand calls 0
rand state 1316214202695682
Jagi 1255764 Set world speed Fast 1255764 3945541
rand calls 0
rand state 1316214202695682
Jagi 1255830 Set world speed Paused 1255830 3945739
rand calls 0
rand state 1316355936616450
Jagi 1257350 Set world speed Fast 1257350 3945739
rand calls 0
rand state 1316355936616450
Jagi 1257397 Set world speed Superfast 1257397 3945880
rand calls 0
rand state 1316441835962370
QualityBuilder: Could not get quality from thing with defName 'Frame_RoyalBed'
Def: PL_Overview, def.dev: False, dev: False
Def: PL_LaborWindow, def.dev: False, dev: False
Called PostOpen
Def: PL_ScheduleWindow, def.dev: False, dev: False
Def: PL_AssignWindow, def.dev: False, dev: False
Def: PL_DevWindow, def.dev: True, dev: False
Called PostOpen
QualityBuilder: Could not get quality from thing with defName 'Frame_RoyalBed'
GC : animation data count [77 -> 63]
QualityBuilder: Could not get quality from thing with defName 'Frame_RoyalBed'
Jagi 1262567 Set world speed Paused 1262567 3976900
rand calls 0
rand state 1336095606308866
Jagi 1262875 Set world speed Superfast 1262875 3976900
rand calls 0
rand state 1336095606308866
Jumper tried to place hauled thing in container but is not hauling anything. 
(Filename: C:\buildslave\unity\build\Runtime/Export/Debug/Debug.bindings.h Line: 39)

QualityBuilder: Could not get quality from thing with defName 'Frame_RoyalBed'
Jagi 1265464 Set world speed Normal 1265464 3992434
rand calls 0
rand state 1345939671351298
Jagi 1265673 Set world speed Paused 1265673 3992643
rand calls 0
rand state 1346068520370178
Jagi 1265706 Set world speed Normal 1265706 3992643
rand calls 0
rand state 1346068520370178
Jagi 1265740 Set world speed Fast 1265740 3992677
rand calls 0
rand state 1346089995206658
Jagi 1266003 Set world speed Paused 1266003 3993466
rand calls 0
rand state 1346592506380290
Jagi 1266075 Set world speed Fast 1266075 3993466
rand calls 0
rand state 1346592506380290
Jagi 1266131 Set world speed Paused 1266131 3993634
rand calls 0
rand state 1346686995660802
Jagi 1266165 Set world speed Fast 1266165 3993634
rand calls 0
rand state 1346686995660802
Jagi 1266235 Set world speed Paused 1266235 3993844
rand calls 0
rand state 1346815844679682
Jagi 1266269 Set world speed Normal 1266269 3993844
rand calls 0
rand state 1346815844679682
Jagi 1266300 Set world speed Paused 1266300 3993875
rand calls 0
rand state 1346833024548866
Jagi 1267768 Set world speed Superfast 1267768 3993875
rand calls 0
rand state 1346833024548866
Exception ticking Horton (at (136, 0, 152)). Suppressing further errors. Exception: System.NullReferenceException: Object reference not set to an instance of an object
  at Rim73.Rim73_Jobs+Pawn_JobsTick.Prefix (Verse.AI.Pawn_JobTracker& __instance, Verse.Pawn ___pawn) [0x0031c] in <21bb332e850344e78bd033b33c4655aa>:0 
  at (wrapper dynamic-method) Verse.AI.Pawn_JobTracker.Verse.AI.Pawn_JobTracker.JobTrackerTick_Patch1(Verse.AI.Pawn_JobTracker)
  at (wrapper dynamic-method) Verse.Pawn.Verse.Pawn.Tick_Patch2(Verse.Pawn)
  at Verse.TickList.Tick () [0x0015c] in <b64badbf3c3d41018b3ca5d3e8c77771>:0  
(Filename: C:\buildslave\unity\build\Runtime/Export/Debug/Debug.bindings.h Line: 39)

QualityBuilder: Could not get quality from thing with defName 'Frame_RoyalBed'
Jagi 1268229 Set world speed Fast 1268229 3996641
rand calls 0
rand state 1348606846042114
QualityBuilder: Could not get quality from thing with defName 'Frame_RoyalBed'
Called PostOpen
QualityBuilder: Could not get quality from thing with defName 'Frame_RoyalBed'
Lis tried to path while downed. This should never happen. curJob=GotoWander (Job_1554328) A=(203, 0, 232) 
(Filename: C:\buildslave\unity\build\Runtime/Export/Debug/Debug.bindings.h Line: 39)

Jumper tried to place hauled thing in container but is not hauling anything. 
(Filename: C:\buildslave\unity\build\Runtime/Export/Debug/Debug.bindings.h Line: 39)

GC : animation data count [98 -> 82]
QualityBuilder: Could not get quality from thing with defName 'Frame_RoyalBed'
Jagi 1278147 Set world speed Paused 1278147 4026395
rand calls 0
rand state 1367478932340738
Jagi 1278273 Set world speed Normal 1278273 4026395
rand calls 0
rand state 1367478932340738
Squint tried to place hauled thing in container but is not hauling anything. 
(Filename: C:\buildslave\unity\build\Runtime/Export/Debug/Debug.bindings.h Line: 39)

QualityBuilder: Could not get quality from thing with defName 'Frame_RoyalBed'
Squint tried to place hauled thing in container but is not hauling anything. 
(Filename: C:\buildslave\unity\build\Runtime/Export/Debug/Debug.bindings.h Line: 39)

Jagi 1289756 Set world speed Fast 1289756 4037878
rand calls 0
rand state 1374776081776642
QualityBuilder: Could not get quality from thing with defName 'Frame_RoyalBed'
Pecs tried to place hauled thing in container but is not hauling anything. 
(Filename: C:\buildslave\unity\build\Runtime/Export/Debug/Debug.bindings.h Line: 39)

QualityBuilder: Could not get quality from thing with defName 'Frame_RoyalBed'
Squint tried to place hauled thing in container but is not hauling anything. 
(Filename: C:\buildslave\unity\build\Runtime/Export/Debug/Debug.bindings.h Line: 39)

Jagi 1301564 Set world speed Superfast 1301564 4073302
rand calls 0
rand state 1397298890276866
QualityBuilder: Could not get quality from thing with defName 'Frame_RoyalBed'
Squint tried to place hauled thing in container but is not hauling anything. 
(Filename: C:\buildslave\unity\build\Runtime/Export/Debug/Debug.bindings.h Line: 39)

QualityBuilder: Could not get quality from thing with defName 'Frame_RoyalBed'
GC : animation data count [97 -> 79]
Researched without having an active project. 
(Filename: C:\buildslave\unity\build\Runtime/Export/Debug/Debug.bindings.h Line: 39)

Researched without having an active project. 
(Filename: C:\buildslave\unity\build\Runtime/Export/Debug/Debug.bindings.h Line: 39)

Researched without having an active project. 
(Filename: C:\buildslave\unity\build\Runtime/Export/Debug/Debug.bindings.h Line: 39)

Researched without having an active project. 
(Filename: C:\buildslave\unity\build\Runtime/Export/Debug/Debug.bindings.h Line: 39)

Researched without having an active project. 
(Filename: C:\buildslave\unity\build\Runtime/Export/Debug/Debug.bindings.h Line: 39)

QualityBuilder: Could not get quality from thing with defName 'Frame_RoyalBed'
rand calls 0
rand state 1403960384552962
Squint tried to place hauled thing in container but is not hauling anything. 
(Filename: C:\buildslave\unity\build\Runtime/Export/Debug/Debug.bindings.h Line: 39)

QualityBuilder: Could not get quality from thing with defName 'Frame_RoyalBed'
Jagi 1305783 Set world speed Normal 1305783 4097200
rand calls 0
rand state 1412408585224194
Jagi 1306092 Set world speed Fast 1306092 4097509
rand calls 0
rand state 1412601858752514
Jessie tried to place hauled thing in container but is not hauling anything. 
(Filename: C:\buildslave\unity\build\Runtime/Export/Debug/Debug.bindings.h Line: 39)

QualityBuilder: Could not get quality from thing with defName 'Frame_RoyalBed'
QualityBuilder: Could not get quality from thing with defName 'Frame_RoyalBed'
QualityBuilder: Could not get quality from thing with defName 'Frame_RoyalBed'
QualityBuilder: Could not get quality from thing with defName 'Frame_RoyalBed'
Jagi 1319984 Set world speed Superfast 1319984 4139185
rand calls 0
rand state 1439230655987714
GC : animation data count [102 -> 83]
QualityBuilder: Could not get quality from thing with defName 'Frame_RoyalBed'
QualityBuilder: Could not get quality from thing with defName 'Frame_RoyalBed'
Horton tried to place hauled thing in container but is not hauling anything. 
(Filename: C:\buildslave\unity\build\Runtime/Export/Debug/Debug.bindings.h Line: 39)

QualityBuilder: Could not get quality from thing with defName 'Frame_RoyalBed'
QualityBuilder: Could not get quality from thing with defName 'Frame_RoyalBed'
Jagi 1322359 Set world speed Normal 1322359 4153435
rand calls 0
rand state 1448245792342018
Jagi 1322403 Set world speed Paused 1322403 4153479
rand calls 0
rand state 1448280152080386
Called PostOpen
QualityBuilder: Could not get quality from thing with defName 'Frame_RoyalBed'
Jagi 1323931 Set world speed Normal 1323931 4153479
rand calls 0
rand state 1448280152080386
Jagi 1326911 Set world speed Fast 1326911 4156459
rand calls 0
rand state 1450152757821442
Jagi 1326948 Set world speed Superfast 1326948 4156496
rand calls 0
rand state 1450174232657922
Jagi 1329045 Set world speed Paused 1329045 4166828
rand calls 0
rand state 1456745532620802
Jagi 1329210 Set world speed Superfast 1329210 4166828
rand calls 0
rand state 1456745532620802
QualityBuilder: Could not get quality from thing with defName 'Frame_RoyalBed'
QualityBuilder: Could not get quality from thing with defName 'Frame_RoyalBed'
Moody tried to place hauled thing in container but is not hauling anything. 
(Filename: C:\buildslave\unity\build\Runtime/Export/Debug/Debug.bindings.h Line: 39)

GC : animation data count [100 -> 84]
Matthews tried to place hauled thing in container but is not hauling anything. 
(Filename: C:\buildslave\unity\build\Runtime/Export/Debug/Debug.bindings.h Line: 39)

Moody tried to place hauled thing in container but is not hauling anything. 
(Filename: C:\buildslave\unity\build\Runtime/Export/Debug/Debug.bindings.h Line: 39)

Horton tried to place hauled thing in container but is not hauling anything. 
(Filename: C:\buildslave\unity\build\Runtime/Export/Debug/Debug.bindings.h Line: 39)

Horton tried to place hauled thing in container but is not hauling anything. 
(Filename: C:\buildslave\unity\build\Runtime/Export/Debug/Debug.bindings.h Line: 39)

Moody tried to place hauled thing in container but is not hauling anything. 
(Filename: C:\buildslave\unity\build\Runtime/Export/Debug/Debug.bindings.h Line: 39)

Horton tried to place hauled thing in container but is not hauling anything. 
(Filename: C:\buildslave\unity\build\Runtime/Export/Debug/Debug.bindings.h Line: 39)

Pickles tried to place hauled thing in container but is not hauling anything. 
(Filename: C:\buildslave\unity\build\Runtime/Export/Debug/Debug.bindings.h Line: 39)

Jessie tried to place hauled thing in container but is not hauling anything. 
(Filename: C:\buildslave\unity\build\Runtime/Export/Debug/Debug.bindings.h Line: 39)

Horton tried to place hauled thing in container but is not hauling anything. 
(Filename: C:\buildslave\unity\build\Runtime/Export/Debug/Debug.bindings.h Line: 39)

Pickles tried to place hauled thing in container but is not hauling anything. 
(Filename: C:\buildslave\unity\build\Runtime/Export/Debug/Debug.bindings.h Line: 39)

rand calls 0
rand state 1497530542063618
Jagi 1339970 Set world speed Normal 1339970 4231388
rand calls 0
rand state 1497908499185666
Jagi 1340295 Set world speed Fast 1340295 4231713
rand calls 0
rand state 1498097477746690
Jagi 1340651 Set world speed Normal 1340651 4232781
rand calls 0
rand state 1498784672514050
Jagi 1341181 Set world speed Paused 1341181 4233311
rand calls 0
rand state 1499098205126658
Jagi 1341271 Set world speed Fast 1341271 4233311
rand calls 0
rand state 1499098205126658
Jagi 1341629 Set world speed Paused 1341629 4234385
rand calls 0
rand state 1499841234468866
Jagi 1342374 Set world speed Normal 1342374 4234385
rand calls 0
rand state 1499841234468866
Jagi 1342512 Set world speed Fast 1342512 4234523
rand calls 0
rand state 1499927133814786
Jagi 1342896 Set world speed Normal 1342896 4235675
rand calls 0
rand state 1500648688320514
Jagi 1342940 Set world speed Paused 1342940 4235719
rand calls 0
rand state 1500670163156994
Jagi 1343250 Set world speed Superfast 1343250 4235719
rand calls 0
rand state 1500670163156994
Jagi 1343405 Set world speed Normal 1343405 4236649
rand calls 0
rand state 1501280048513026
Jagi 1343417 Set world speed Paused 1343417 4236661
rand calls 0
rand state 1501297228382210
Jagi 1343508 Set world speed Fast 1343508 4236661
rand calls 0
rand state 1501297228382210
Jagi 1343755 Set world speed Paused 1343755 4236910
rand calls 0
rand state 1501430372368386
Jagi 1343780 Set world speed Fast 1343780 4236910
rand calls 0
rand state 1501430372368386
Jagi 1344207 Set world speed Superfast 1344207 4237337
rand calls 0
rand state 1501718135177218
Jagi 1345194 Set world speed Paused 1345194 4238324
rand calls 0
rand state 1502340905435138
Jagi 1345269 Set world speed Superfast 1345269 4238324
rand calls 0
rand state 1502340905435138
Jagi 1345868 Set world speed Paused 1345868 4238923
rand calls 0
rand state 1502714567589890
Jagi 1346012 Set world speed Normal 1346012 4238923
rand calls 0
rand state 1502714567589890
Jagi 1346701 Set world speed Paused 1346701 4239612
rand calls 0
rand state 1503126884450306
Jagi 1346750 Set world speed Normal 1346750 4239612
rand calls 0
rand state 1503126884450306
Jagi 1346805 Set world speed Paused 1346805 4239667
rand calls 0
rand state 1503182719025154
Jagi 1346976 Set world speed Normal 1346976 4239667
rand calls 0
rand state 1503182719025154
Jagi 1347730 Set world speed Paused 1347730 4240421
rand calls 0
rand state 1503659460395010
Jagi 1347807 Set world speed Normal 1347807 4240421
rand calls 0
rand state 1503659460395010
Jagi 1348091 Set world speed Paused 1348091 4240705
rand calls 0
rand state 1503831259086850
Jagi 1348353 Set world speed Fast 1348353 4240705
rand calls 0
rand state 1503831259086850
Jagi 1348846 Set world speed Normal 1348846 4241198
rand calls 0
rand state 1504149086666754
Jagi 1349726 Set world speed Paused 1349726 4242078
rand calls 0
rand state 1504720317317122
Jagi 1349787 Set world speed Normal 1349787 4242078
rand calls 0
rand state 1504720317317122
Jagi 1350225 Set world speed Paused 1350225 4242516
rand calls 0
rand state 1504978015354882
Jagi 1350285 Set world speed Normal 1350285 4242516
rand calls 0
rand state 1504978015354882
Jagi 1351631 Set world speed Paused 1351631 4243862
rand calls 0
rand state 1505832713846786
Jagi 1351850 Set world speed Normal 1351850 4243862
rand calls 0
rand state 1505832713846786
Jagi 1355368 Set world speed Fast 1355368 4247380
rand calls 0
rand state 1508066096840706
Jagi 1360570 Set world speed Paused 1360570 4252582
rand calls 0
rand state 1511600854925314
Jagi 1360708 Set world speed Fast 1360708 4252582
rand calls 0
rand state 1511600854925314
Jagi 1362953 Set world speed Normal 1362953 4256095
rand calls 0
rand state 1514053281251330
Jagi 1363022 Set world speed Fast 1363022 4256164
rand calls 0
rand state 1514117705760770
Jagi 1363225 Set world speed Normal 1363225 4256773
rand calls 0
rand state 1514525727653890
Jagi 1365077 Set world speed Paused 1365077 4258457
rand calls 0
rand state 1515693958758402
Jagi 1365689 Set world speed Normal 1365689 4258457
rand calls 0
rand state 1515693958758402
Jagi 1365781 Set world speed Fast 1365781 4258549
rand calls 0
rand state 1515762678235138
GC : animation data count [106 -> 88]
Jagi 1367343 Desynced after tick 1367281: Wrong random state on map 0
Desync info writing took 1680
Multiplayer: requesting rejoin
Multiplayer: rejoining
Unloading 3 Unused Serialized files (Serialized files now loaded: 0)
UnloadTime: 0.915900 ms

Unloading 4272 unused Assets to reduce memory usage. Loaded Objects now: 23998.
Total: 1866.660200 ms (FindLiveObjects: 1.475100 ms CreateObjectMapping: 1.356200 ms MarkObjects: 1856.742400 ms  DeleteObjects: 7.086400 ms)

Game data size: 1151272
Unloading 2 Unused Serialized files (Serialized files now loaded: 0)
UnloadTime: 0.376800 ms
QualityBuilder added property to '0' things

Unloading 1 unused Assets to reduce memory usage. Loaded Objects now: 24018.
Total: 1916.263100 ms (FindLiveObjects: 1.063300 ms CreateObjectMapping: 1.023200 ms MarkObjects: 1914.128900 ms  DeleteObjects: 0.047300 ms)

Map.ExposeData post rand 0 LoadingVars 795
Map.ExposeData post rand 0 ResolvingCrossRefs 0
Map.ExposeData post rand 0 PostLoadInit 0
Init map with cmds 0
Map.FinalizeLoading post rand 0 578
GC : animation data count [104 -> 0]
Rim73 > Loaded new game, resetting caching variables 
(Filename: C:\buildslave\unity\build\Runtime/Export/Debug/Debug.bindings.h Line: 39)

Game.LoadGame post rand 30
Game loaded
Unloading 0 Unused Serialized files (Serialized files now loaded: 0)

Unloading 0 unused Assets to reduce memory usage. Loaded Objects now: 28128.
Total: 1952.505200 ms (FindLiveObjects: 1.272800 ms CreateObjectMapping: 1.303800 ms MarkObjects: 1949.830600 ms  DeleteObjects: 0.097600 ms)

rand calls 0
rand state 1518953838936066
Jagi 1367446 Set world speed Paused 1367446 4263545
rand calls 0
rand state 1519001083576322
Jagi 1368466 Set world speed Normal 1368466 4263545
rand calls 0
rand state 1519001083576322
Jagi 1369773 Desynced after tick 1369711: Wrong random state on map 0
Desync info writing took 1624
Multiplayer: requesting rejoin
Multiplayer: rejoining
Unloading 3 Unused Serialized files (Serialized files now loaded: 0)
UnloadTime: 0.536600 ms

Unloading 4105 unused Assets to reduce memory usage. Loaded Objects now: 24006.
Total: 1889.928000 ms (FindLiveObjects: 1.656900 ms CreateObjectMapping: 1.377000 ms MarkObjects: 1880.485700 ms  DeleteObjects: 6.407800 ms)

Game data size: 1145512
Unloading 2 Unused Serialized files (Serialized files now loaded: 0)
UnloadTime: 0.399100 ms
QualityBuilder added property to '0' things

Unloading 1 unused Assets to reduce memory usage. Loaded Objects now: 24026.
Total: 1944.056800 ms (FindLiveObjects: 1.065000 ms CreateObjectMapping: 1.029800 ms MarkObjects: 1941.878000 ms  DeleteObjects: 0.083600 ms)

Map.ExposeData post rand 0 LoadingVars 793
Map.ExposeData post rand 0 ResolvingCrossRefs 0
Map.ExposeData post rand 0 PostLoadInit 0
Init map with cmds 0
Map.FinalizeLoading post rand 0 577
GC : animation data count [91 -> 0]
Rim73 > Loaded new game, resetting caching variables 
(Filename: C:\buildslave\unity\build\Runtime/Export/Debug/Debug.bindings.h Line: 39)

Game.LoadGame post rand 3
Game loaded
Unloading 0 Unused Serialized files (Serialized files now loaded: 0)

Unloading 0 unused Assets to reduce memory usage. Loaded Objects now: 28137.
Total: 1971.270800 ms (FindLiveObjects: 1.315700 ms CreateObjectMapping: 1.315900 ms MarkObjects: 1968.567600 ms  DeleteObjects: 0.070800 ms)

rand calls 0
rand state 1519881551872002
Jagi 1369866 Set world speed Paused 1369866 4264947
rand calls 0
rand state 1519885846839298
Jagi 1370460 Set world speed Normal 1370460 4264947
rand calls 0
rand state 1519885846839298
Jagi 1370494 Set world speed Paused 1370494 4264981
rand calls 0
rand state 1519911616643074
Jagi 1370700 Desynced after tick 1370600: Random state from commands doesn't match
Desync info writing took 1549
Multiplayer: requesting rejoin
Multiplayer: rejoining
Unloading 3 Unused Serialized files (Serialized files now loaded: 0)
UnloadTime: 22.095200 ms

Unloading 4107 unused Assets to reduce memory usage. Loaded Objects now: 24073.
Total: 1917.407200 ms (FindLiveObjects: 1.229600 ms CreateObjectMapping: 1.227900 ms MarkObjects: 1909.592700 ms  DeleteObjects: 5.356600 ms)

Stopping multiplayer session from virtual System.Void Multiplayer.Client.BaseConnectingWindow::PostClose()
Connecting to lan server
Jagi 0 Net client connected
Game data size: 1145569
Unloading 2 Unused Serialized files (Serialized files now loaded: 0)
UnloadTime: 0.417900 ms

Unloading 1 unused Assets to reduce memory usage. Loaded Objects now: 24093.
Total: 1898.362000 ms (FindLiveObjects: 1.102100 ms CreateObjectMapping: 1.038800 ms MarkObjects: 1896.057600 ms  DeleteObjects: 0.163000 ms)

QualityBuilder added property to '0' things
Map.ExposeData post rand 0 LoadingVars 793
Map.ExposeData post rand 0 ResolvingCrossRefs 0
Map.ExposeData post rand 0 PostLoadInit 0
Init map with cmds 0
Map.FinalizeLoading post rand 0 577
GC : animation data count [24 -> 0]
Rim73 > Loaded new game, resetting caching variables 
(Filename: C:\buildslave\unity\build\Runtime/Export/Debug/Debug.bindings.h Line: 39)

Game.LoadGame post rand 3
Game loaded
Unloading 0 Unused Serialized files (Serialized files now loaded: 0)

Unloading 0 unused Assets to reduce memory usage. Loaded Objects now: 28204.
Total: 1953.591700 ms (FindLiveObjects: 1.279800 ms CreateObjectMapping: 1.315600 ms MarkObjects: 1950.902300 ms  DeleteObjects: 0.093700 ms)

rand calls 0
rand state 1519911616643074
rand calls 0
rand state 1519911616643074
Jagi 1377345 Set world speed Normal 1377345 4264982
rand calls 0
rand state 1519911616643074
Jagi 1378861 Desynced after tick 1378801: Wrong random state on map 0
Desync info writing took 1615
Multiplayer: requesting rejoin
Multiplayer: rejoining
Unloading 3 Unused Serialized files (Serialized files now loaded: 0)
UnloadTime: 0.624100 ms

Unloading 4116 unused Assets to reduce memory usage. Loaded Objects now: 24081.
Total: 1911.140800 ms (FindLiveObjects: 1.250300 ms CreateObjectMapping: 1.229000 ms MarkObjects: 1901.402800 ms  DeleteObjects: 7.258400 ms)

Game data size: 1149183
Unloading 2 Unused Serialized files (Serialized files now loaded: 0)
UnloadTime: 0.384200 ms

Unloading 1 unused Assets to reduce memory usage. Loaded Objects now: 24101.
Total: 1935.852200 ms (FindLiveObjects: 1.069700 ms CreateObjectMapping: 1.017100 ms MarkObjects: 1933.680300 ms  DeleteObjects: 0.084500 ms)

QualityBuilder added property to '0' things
Map.ExposeData post rand 0 LoadingVars 799
Map.ExposeData post rand 0 ResolvingCrossRefs 0
Map.ExposeData post rand 0 PostLoadInit 0
Init map with cmds 0
Map.FinalizeLoading post rand 0 577
GC : animation data count [83 -> 0]
Rim73 > Loaded new game, resetting caching variables 
(Filename: C:\buildslave\unity\build\Runtime/Export/Debug/Debug.bindings.h Line: 39)

Game.LoadGame post rand 4
Game loaded
Unloading 0 Unused Serialized files (Serialized files now loaded: 0)

Unloading 0 unused Assets to reduce memory usage. Loaded Objects now: 28223.
Total: 1986.427900 ms (FindLiveObjects: 1.306800 ms CreateObjectMapping: 1.324000 ms MarkObjects: 1983.672300 ms  DeleteObjects: 0.124100 ms)

rand calls 0
rand state 1520895164153858
Jagi 1383122 Set world speed Fast 1383122 4270762
rand calls 0
rand state 1523570928779266
Researched without having an active project. 
(Filename: C:\buildslave\unity\build\Runtime/Export/Debug/Debug.bindings.h Line: 39)

Researched without having an active project. 
(Filename: C:\buildslave\unity\build\Runtime/Export/Debug/Debug.bindings.h Line: 39)

Researched without having an active project. 
(Filename: C:\buildslave\unity\build\Runtime/Export/Debug/Debug.bindings.h Line: 39)

Researched without having an active project. 
(Filename: C:\buildslave\unity\build\Runtime/Export/Debug/Debug.bindings.h Line: 39)

Researched without having an active project. 
(Filename: C:\buildslave\unity\build\Runtime/Export/Debug/Debug.bindings.h Line: 39)

Researched without having an active project. 
(Filename: C:\buildslave\unity\build\Runtime/Export/Debug/Debug.bindings.h Line: 39)

Researched without having an active project. 
(Filename: C:\buildslave\unity\build\Runtime/Export/Debug/Debug.bindings.h Line: 39)

Researched without having an active project. 
(Filename: C:\buildslave\unity\build\Runtime/Export/Debug/Debug.bindings.h Line: 39)

Researched without having an active project. 
(Filename: C:\buildslave\unity\build\Runtime/Export/Debug/Debug.bindings.h Line: 39)

Researched without having an active project. 
(Filename: C:\buildslave\unity\build\Runtime/Export/Debug/Debug.bindings.h Line: 39)

Researched without having an active project. 
(Filename: C:\buildslave\unity\build\Runtime/Export/Debug/Debug.bindings.h Line: 39)

Researched without having an active project. 
(Filename: C:\buildslave\unity\build\Runtime/Export/Debug/Debug.bindings.h Line: 39)

Researched without having an active project. 
(Filename: C:\buildslave\unity\build\Runtime/Export/Debug/Debug.bindings.h Line: 39)

Researched without having an active project. 
(Filename: C:\buildslave\unity\build\Runtime/Export/Debug/Debug.bindings.h Line: 39)

Researched without having an active project. 
(Filename: C:\buildslave\unity\build\Runtime/Export/Debug/Debug.bindings.h Line: 39)

Jagi 1395327 Set world speed Normal 1395327 4291531
rand calls 0
rand state 1536808017985538
Jagi 1395342 Set world speed Paused 1395342 4291546
rand calls 0
rand state 1536816607920130
Jagi 1396264 Set world speed Normal 1396264 4291546
rand calls 0
rand state 1536816607920130
Jagi 1396401 Set world speed Paused 1396401 4291683
rand calls 0
rand state 1536911097200642
Jagi 1397214 Set world speed Normal 1397214 4291683
rand calls 0
rand state 1536911097200642
Jagi 1397668 Set world speed Fast 1397668 4292137
rand calls 0
rand state 1537194565042178
Jagi 1397768 Set world speed Normal 1397768 4292437
rand calls 0
rand state 1537379248635906
Exception ticking Matthews (at (122, 0, 92)). Suppressing further errors. Exception: System.NullReferenceException: Object reference not set to an instance of an object
  at Rim73.Rim73_Jobs+Pawn_JobsTick.Prefix (Verse.AI.Pawn_JobTracker& __instance, Verse.Pawn ___pawn) [0x0031c] in <21bb332e850344e78bd033b33c4655aa>:0 
  at (wrapper dynamic-method) Verse.AI.Pawn_JobTracker.Verse.AI.Pawn_JobTracker.JobTrackerTick_Patch1(Verse.AI.Pawn_JobTracker)
  at (wrapper dynamic-method) Verse.Pawn.Verse.Pawn.Tick_Patch2(Verse.Pawn)
  at Verse.TickList.Tick () [0x0015c] in <b64badbf3c3d41018b3ca5d3e8c77771>:0  
(Filename: C:\buildslave\unity\build\Runtime/Export/Debug/Debug.bindings.h Line: 39)

Jagi 1401523 Set world speed Paused 1401523 4296192
rand calls 0
rand state 1539784430321666
Jagi 1401918 Set world speed Normal 1401918 4296192
rand calls 0
rand state 1539784430321666
Jagi 1402629 Set world speed Paused 1402629 4296903
rand calls 0
rand state 1540222516985858
Jagi 1402715 Set world speed Normal 1402715 4296903
rand calls 0
rand state 1540222516985858
Jagi 1403159 Set world speed Paused 1403159 4297347
rand calls 0
rand state 1540523164696578
Jagi 1403338 Set world speed Normal 1403338 4297347
rand calls 0
rand state 1540523164696578
Jagi 1403443 Set world speed Paused 1403443 4297452
rand calls 0
rand state 1540578999271426
Jagi 1404543 Set world speed Normal 1404543 4297452
rand calls 0
rand state 1540578999271426
Jagi 1404761 Set world speed Paused 1404761 4297670
rand calls 0
rand state 1540746502995970
Jagi 1404823 Set world speed Normal 1404823 4297670
rand calls 0
rand state 1540746502995970
Jagi 1407416 Set world speed Paused 1407416 4300263
rand calls 0
rand state 1542752252723202
Jagi 1407839 Set world speed Normal 1407839 4300263
rand calls 0
rand state 1542752252723202
Jagi 1409437 Set world speed Paused 1409437 4301861
rand calls 0
rand state 1544006383173634
Jagi 1409768 Set world speed Normal 1409768 4301861
rand calls 0
rand state 1544006383173634
rand calls 0
rand state 1545355002904578
rand calls 0
rand state 1545355002904578
rand calls 0
rand state 1545355002904578
rand calls 0
rand state 1545355002904578
rand calls 0
rand state 1545488146890754
Jagi 1417738 Set world speed Paused 1417738 4304133
rand calls 0
rand state 1545964888260610
Jagi 1417781 Set world speed Normal 1417781 4304133
rand calls 0
rand state 1545964888260610
Jagi 1420829 Set world speed Paused 1420829 4307181
rand calls 0
rand state 1548172501450754
Jagi 1421162 Set world speed Normal 1421162 4307181
rand calls 0
rand state 1548172501450754
Jagi 1425390 Desynced after tick 1425331: Wrong random state on map 0
Desync info writing took 1677
Multiplayer: requesting rejoin
Multiplayer: rejoining
Unloading 3 Unused Serialized files (Serialized files now loaded: 0)
UnloadTime: 0.997000 ms

Unloading 4169 unused Assets to reduce memory usage. Loaded Objects now: 24869.
Total: 2375.300300 ms (FindLiveObjects: 1.517600 ms CreateObjectMapping: 1.409700 ms MarkObjects: 2365.478900 ms  DeleteObjects: 6.893800 ms)

Game data size: 1184121
Unloading 2 Unused Serialized files (Serialized files now loaded: 0)
UnloadTime: 0.391300 ms
QualityBuilder added property to '0' things

Unloading 1 unused Assets to reduce memory usage. Loaded Objects now: 24889.
Total: 2400.102500 ms (FindLiveObjects: 1.067600 ms CreateObjectMapping: 1.061800 ms MarkObjects: 2397.879600 ms  DeleteObjects: 0.093400 ms)

Map.ExposeData post rand 0 LoadingVars 1047
Map.ExposeData post rand 0 ResolvingCrossRefs 0
Map.ExposeData post rand 0 PostLoadInit 0
Init map with cmds 0
Map.FinalizeLoading post rand 0 589
GC : animation data count [143 -> 0]
Rim73 > Loaded new game, resetting caching variables 
(Filename: C:\buildslave\unity\build\Runtime/Export/Debug/Debug.bindings.h Line: 39)

Game.LoadGame post rand 30
Game loaded
Unloading 0 Unused Serialized files (Serialized files now loaded: 0)

Unloading 0 unused Assets to reduce memory usage. Loaded Objects now: 29025.
Total: 2427.099300 ms (FindLiveObjects: 1.329700 ms CreateObjectMapping: 1.304600 ms MarkObjects: 2424.368900 ms  DeleteObjects: 0.095900 ms)

rand calls 0
rand state 1551337892347906
Jagi 1425567 Set world speed Paused 1425567 4311588
rand calls 0
rand state 1551402316857346
Jagi 1426197 Set world speed Normal 1426197 4311588
rand calls 0
rand state 1551402316857346
rand calls 0
rand state 1554511873179650
GC : animation data count [130 -> 95]
Jagi 1438008 Set world speed Fast 1438008 4323399
rand calls 0
rand state 1559665833934850
Def: PL_Overview, def.dev: False, dev: False
Def: PL_LaborWindow, def.dev: False, dev: False
Called PostOpen
Def: PL_ScheduleWindow, def.dev: False, dev: False
Def: PL_AssignWindow, def.dev: False, dev: False
Def: PL_DevWindow, def.dev: True, dev: False
Called PostOpen
rand calls 0
rand state 1570265813221378
Exception ticking Jessie (at (136, 0, 149)). Suppressing further errors. Exception: System.NullReferenceException: Object reference not set to an instance of an object
  at Rim73.Rim73_Jobs+Pawn_JobsTick.Prefix (Verse.AI.Pawn_JobTracker& __instance, Verse.Pawn ___pawn) [0x0031c] in <21bb332e850344e78bd033b33c4655aa>:0 
  at (wrapper dynamic-method) Verse.AI.Pawn_JobTracker.Verse.AI.Pawn_JobTracker.JobTrackerTick_Patch1(Verse.AI.Pawn_JobTracker)
  at (wrapper dynamic-method) Verse.Pawn.Verse.Pawn.Tick_Patch2(Verse.Pawn)
  at Verse.TickList.Tick () [0x0015c] in <b64badbf3c3d41018b3ca5d3e8c77771>:0  
(Filename: C:\buildslave\unity\build\Runtime/Export/Debug/Debug.bindings.h Line: 39)

Boris started 10 jobs in 10 ticks. List: brak curDriver=JobDriver_Goto (toilIndex=0) curJob=(Goto (Job_1703347) A=(146, 0, 0)) 
(Filename: C:\buildslave\unity\build\Runtime/Export/Debug/Debug.bindings.h Line: 39)

Jagi 1449272 Desynced after tick 1449211: Wrong random state on map 0
Desync info writing took 1553
Multiplayer: requesting rejoin
Multiplayer: rejoining
Unloading 3 Unused Serialized files (Serialized files now loaded: 0)
UnloadTime: 0.680900 ms

Unloading 4143 unused Assets to reduce memory usage. Loaded Objects now: 25034.
Total: 2524.500700 ms (FindLiveObjects: 1.574600 ms CreateObjectMapping: 1.314700 ms MarkObjects: 2513.992600 ms  DeleteObjects: 7.617900 ms)

Game data size: 1183123
Unloading 2 Unused Serialized files (Serialized files now loaded: 0)
UnloadTime: 0.364600 ms
QualityBuilder added property to '0' things

Unloading 1 unused Assets to reduce memory usage. Loaded Objects now: 25054.
Total: 2561.385200 ms (FindLiveObjects: 1.094500 ms CreateObjectMapping: 1.064600 ms MarkObjects: 2559.180300 ms  DeleteObjects: 0.045400 ms)

Map.ExposeData post rand 0 LoadingVars 799
Map.ExposeData post rand 0 ResolvingCrossRefs 0
Map.ExposeData post rand 0 PostLoadInit 0
Init map with cmds 0
Map.FinalizeLoading post rand 0 577
GC : animation data count [133 -> 0]
Rim73 > Loaded new game, resetting caching variables 
(Filename: C:\buildslave\unity\build\Runtime/Export/Debug/Debug.bindings.h Line: 39)

Game.LoadGame post rand 3
Game loaded
Unloading 0 Unused Serialized files (Serialized files now loaded: 0)

Unloading 0 unused Assets to reduce memory usage. Loaded Objects now: 29158.
Total: 2615.580400 ms (FindLiveObjects: 1.321400 ms CreateObjectMapping: 1.256600 ms MarkObjects: 2612.942600 ms  DeleteObjects: 0.059400 ms)

rand calls 0
rand state 1585903789146114
Jagi 1449398 Set world speed Paused 1449398 4357567
rand calls 0
rand state 1586152897249282
Jagi 1451193 Desynced after tick 1451079: Random state from commands doesn't match
Desync info writing took 1718
Multiplayer: requesting rejoin
Multiplayer: rejoining
Unloading 3 Unused Serialized files (Serialized files now loaded: 0)
UnloadTime: 0.637600 ms

Unloading 4089 unused Assets to reduce memory usage. Loaded Objects now: 25044.
Total: 2590.998600 ms (FindLiveObjects: 1.332700 ms CreateObjectMapping: 1.293100 ms MarkObjects: 2582.337200 ms  DeleteObjects: 6.035100 ms)

Stopping multiplayer session from virtual System.Void Multiplayer.Client.BaseConnectingWindow::PostClose()
Connecting to lan server
Jagi 0 Net client connected
Game data size: 1183217
Unloading 2 Unused Serialized files (Serialized files now loaded: 0)
UnloadTime: 0.389600 ms

Unloading 1 unused Assets to reduce memory usage. Loaded Objects now: 25064.
Total: 2581.271700 ms (FindLiveObjects: 1.097500 ms CreateObjectMapping: 1.066000 ms MarkObjects: 2579.033600 ms  DeleteObjects: 0.074200 ms)

QualityBuilder added property to '0' things
Map.ExposeData post rand 0 LoadingVars 802
Map.ExposeData post rand 0 ResolvingCrossRefs 0
Map.ExposeData post rand 0 PostLoadInit 0
Init map with cmds 1
Map.FinalizeLoading post rand 0 577
GC : animation data count [64 -> 0]
Rim73 > Loaded new game, resetting caching variables 
(Filename: C:\buildslave\unity\build\Runtime/Export/Debug/Debug.bindings.h Line: 39)

Game.LoadGame post rand 3
Game loaded
Unloading 0 Unused Serialized files (Serialized files now loaded: 0)

Unloading 0 unused Assets to reduce memory usage. Loaded Objects now: 29169.
Total: 2623.522100 ms (FindLiveObjects: 1.325000 ms CreateObjectMapping: 1.279000 ms MarkObjects: 2620.832800 ms  DeleteObjects: 0.084600 ms)

rand calls 0
rand state 1586324695941122
rand calls 0
rand state 1586423480188930
Jagi 1452301 Desynced after tick -1: Wrong random state on map 0
Desync info writing took 1634
Multiplayer: requesting rejoin
Multiplayer: rejoining
Unloading 2 Unused Serialized files (Serialized files now loaded: 0)
UnloadTime: 0.836200 ms

Unloading 4087 unused Assets to reduce memory usage. Loaded Objects now: 25051.
Total: 2566.240200 ms (FindLiveObjects: 1.289700 ms CreateObjectMapping: 1.256200 ms MarkObjects: 2557.834300 ms  DeleteObjects: 5.859900 ms)

Game data size: 1183040
Unloading 2 Unused Serialized files (Serialized files now loaded: 0)
UnloadTime: 0.368500 ms

Unloading 1 unused Assets to reduce memory usage. Loaded Objects now: 25071.
Total: 2590.142000 ms (FindLiveObjects: 1.124700 ms CreateObjectMapping: 1.068800 ms MarkObjects: 2587.858300 ms  DeleteObjects: 0.089500 ms)

QualityBuilder added property to '0' things
Map.ExposeData post rand 0 LoadingVars 802
Map.ExposeData post rand 0 ResolvingCrossRefs 0
Map.ExposeData post rand 0 PostLoadInit 0
Init map with cmds 7
Map.FinalizeLoading post rand 0 577
GC : animation data count [13 -> 0]
Rim73 > Loaded new game, resetting caching variables 
(Filename: C:\buildslave\unity\build\Runtime/Export/Debug/Debug.bindings.h Line: 39)

Game.LoadGame post rand 3
Game loaded
Unloading 0 Unused Serialized files (Serialized files now loaded: 0)

Unloading 0 unused Assets to reduce memory usage. Loaded Objects now: 29170.
Total: 2650.476900 ms (FindLiveObjects: 1.310900 ms CreateObjectMapping: 1.273200 ms MarkObjects: 2647.809600 ms  DeleteObjects: 0.083200 ms)

rand calls 0
rand state 1587918128807938
Jagi 1453561 Desynced after tick -1: Wrong random state on map 0
Desync info writing took 1553
Stopping multiplayer session from static System.Void Multiplayer.Client.Shutdown_Quit_Patch::Prefix()
Unloading 2 Unused Serialized files (Serialized files now loaded: 0)
UnloadTime: 0.569800 ms

Unloading 4089 unused Assets to reduce memory usage. Loaded Objects now: 25058.
Total: 2603.459800 ms (FindLiveObjects: 1.235500 ms CreateObjectMapping: 1.341500 ms MarkObjects: 2595.432800 ms  DeleteObjects: 5.449800 ms)

Connecting to lan server
Jagi 0 Net client connected
Game data size: 1181528
Unloading 2 Unused Serialized files (Serialized files now loaded: 0)
UnloadTime: 0.479800 ms

Unloading 1 unused Assets to reduce memory usage. Loaded Objects now: 25078.
Total: 2672.023800 ms (FindLiveObjects: 1.124700 ms CreateObjectMapping: 1.088200 ms MarkObjects: 2669.676500 ms  DeleteObjects: 0.133700 ms)

QualityBuilder added property to '0' things
Map.ExposeData post rand 0 LoadingVars 802
Map.ExposeData post rand 0 ResolvingCrossRefs 0
Map.ExposeData post rand 0 PostLoadInit 0
Init map with cmds 0
Map.FinalizeLoading post rand 0 577
GC : animation data count [17 -> 0]
Rim73 > Loaded new game, resetting caching variables 
(Filename: C:\buildslave\unity\build\Runtime/Export/Debug/Debug.bindings.h Line: 39)

Game.LoadGame post rand 3
Game loaded
Unloading 0 Unused Serialized files (Serialized files now loaded: 0)

Unloading 0 unused Assets to reduce memory usage. Loaded Objects now: 29178.
Total: 2668.640800 ms (FindLiveObjects: 1.362400 ms CreateObjectMapping: 1.316900 ms MarkObjects: 2665.868500 ms  DeleteObjects: 0.092600 ms)

rand calls 0
rand state 1589451432132610
rand calls 0
rand state 1589477201936386
Jagi 1453771 Set world speed Paused 1453771 4360084
rand calls 0
rand state 1589580281151490
Jagi 1454584 Desynced after tick -1: Random state from commands doesn't match
Desync info writing took 1549
Multiplayer: requesting rejoin
Multiplayer: rejoining
Unloading 3 Unused Serialized files (Serialized files now loaded: 0)
UnloadTime: 0.438600 ms

Unloading 4087 unused Assets to reduce memory usage. Loaded Objects now: 25065.
Total: 2676.795900 ms (FindLiveObjects: 1.322700 ms CreateObjectMapping: 1.271200 ms MarkObjects: 2666.743800 ms  DeleteObjects: 7.458100 ms)

Game data size: 1182333
Unloading 2 Unused Serialized files (Serialized files now loaded: 0)
UnloadTime: 0.437100 ms

Unloading 1 unused Assets to reduce memory usage. Loaded Objects now: 25085.
Total: 2658.664300 ms (FindLiveObjects: 1.116000 ms CreateObjectMapping: 1.072800 ms MarkObjects: 2656.387200 ms  DeleteObjects: 0.087900 ms)

QualityBuilder added property to '0' things
Map.ExposeData post rand 0 LoadingVars 802
Map.ExposeData post rand 0 ResolvingCrossRefs 0
Map.ExposeData post rand 0 PostLoadInit 0
Init map with cmds 0
Map.FinalizeLoading post rand 0 577
GC : animation data count [78 -> 0]
Rim73 > Loaded new game, resetting caching variables 
(Filename: C:\buildslave\unity\build\Runtime/Export/Debug/Debug.bindings.h Line: 39)

Game.LoadGame post rand 3
Game loaded
Unloading 0 Unused Serialized files (Serialized files now loaded: 0)

Unloading 0 unused Assets to reduce memory usage. Loaded Objects now: 29182.
Total: 2715.571100 ms (FindLiveObjects: 1.245100 ms CreateObjectMapping: 1.345400 ms MarkObjects: 2712.889100 ms  DeleteObjects: 0.091300 ms)

rand calls 0
rand state 1589580281151490
Jagi 1457593 Set world speed Normal 1457593 4360085
rand calls 0
rand state 1589580281151490
Jagi 1458270 Desynced after tick 1458211: Wrong random state on map 0
Desync info writing took 1691
Stopping multiplayer session from static System.Void Multiplayer.Client.Shutdown_Quit_Patch::Prefix()
Unloading 3 Unused Serialized files (Serialized files now loaded: 0)
UnloadTime: 0.715600 ms

Unloading 4089 unused Assets to reduce memory usage. Loaded Objects now: 25073.
Total: 2701.764900 ms (FindLiveObjects: 1.248500 ms CreateObjectMapping: 1.232100 ms MarkObjects: 2692.168900 ms  DeleteObjects: 7.115100 ms)

Connecting to lan server
Jagi 0 Net client connected
Game data size: 1187169
Unloading 2 Unused Serialized files (Serialized files now loaded: 0)
UnloadTime: 0.406200 ms
QualityBuilder added property to '0' things

Unloading 1 unused Assets to reduce memory usage. Loaded Objects now: 25093.
Total: 2695.082600 ms (FindLiveObjects: 1.120300 ms CreateObjectMapping: 1.056800 ms MarkObjects: 2692.787200 ms  DeleteObjects: 0.117700 ms)

Map.ExposeData post rand 0 LoadingVars 862
Map.ExposeData post rand 0 ResolvingCrossRefs 0
Map.ExposeData post rand 0 PostLoadInit 0
Init map with cmds 0
Map.FinalizeLoading post rand 0 577
GC : animation data count [86 -> 0]
Rim73 > Loaded new game, resetting caching variables 
(Filename: C:\buildslave\unity\build\Runtime/Export/Debug/Debug.bindings.h Line: 39)

Game.LoadGame post rand 13
Game loaded
Unloading 0 Unused Serialized files (Serialized files now loaded: 0)

Unloading 0 unused Assets to reduce memory usage. Loaded Objects now: 29222.
Total: 2744.297800 ms (FindLiveObjects: 1.312400 ms CreateObjectMapping: 1.336100 ms MarkObjects: 2741.558100 ms  DeleteObjects: 0.089500 ms)

rand calls 0
rand state 1599737878806530
rand calls 0
rand state 1599802303315970
Jagi 1467386 Set world speed Paused 1467386 4369403
rand calls 0
rand state 1599802303315970
Jagi 1469134 Set world speed Normal 1469134 4369403
rand calls 0
rand state 1599802303315970
Jagi 1469220 Desynced after tick 1469161: Wrong random state on map 0
Desync info writing took 1688
Multiplayer: requesting rejoin
Multiplayer: rejoining
Unloading 3 Unused Serialized files (Serialized files now loaded: 0)
UnloadTime: 0.737100 ms

Unloading 4094 unused Assets to reduce memory usage. Loaded Objects now: 25098.
Total: 2686.114200 ms (FindLiveObjects: 1.645300 ms CreateObjectMapping: 1.308500 ms MarkObjects: 2677.251800 ms  DeleteObjects: 5.908200 ms)

Game data size: 1187867
Unloading 2 Unused Serialized files (Serialized files now loaded: 0)
UnloadTime: 0.428200 ms

Unloading 1 unused Assets to reduce memory usage. Loaded Objects now: 25118.
Total: 2716.313200 ms (FindLiveObjects: 1.151400 ms CreateObjectMapping: 1.080000 ms MarkObjects: 2713.988700 ms  DeleteObjects: 0.092500 ms)

QualityBuilder added property to '0' things
Map.ExposeData post rand 0 LoadingVars 859
Map.ExposeData post rand 0 ResolvingCrossRefs 0
Map.ExposeData post rand 0 PostLoadInit 0
Init map with cmds 0
Map.FinalizeLoading post rand 0 577
GC : animation data count [47 -> 0]
Rim73 > Loaded new game, resetting caching variables 
(Filename: C:\buildslave\unity\build\Runtime/Export/Debug/Debug.bindings.h Line: 39)

Game.LoadGame post rand 3
Game loaded
Unloading 0 Unused Serialized files (Serialized files now loaded: 0)

Unloading 0 unused Assets to reduce memory usage. Loaded Objects now: 29229.
Total: 2770.857800 ms (FindLiveObjects: 1.323900 ms CreateObjectMapping: 1.301700 ms MarkObjects: 2768.057000 ms  DeleteObjects: 0.174500 ms)

rand calls 0
Reached max messages limit. Stopping logging to avoid spam. 
(Filename: C:\buildslave\unity\build\Runtime/Export/Debug/Debug.bindings.h Line: 39)

rand state 1602091520884738
Unloading 3 Unused Serialized files (Serialized files now loaded: 0)
UnloadTime: 0.631200 ms

Unloading 4457 unused Assets to reduce memory usage. Loaded Objects now: 25673.
Total: 2992.375800 ms (FindLiveObjects: 1.571800 ms CreateObjectMapping: 1.482300 ms MarkObjects: 2981.609400 ms  DeleteObjects: 7.711700 ms)

Unloading 2 Unused Serialized files (Serialized files now loaded: 0)
UnloadTime: 0.397300 ms

Unloading 1 unused Assets to reduce memory usage. Loaded Objects now: 25693.
Total: 3021.891500 ms (FindLiveObjects: 1.125700 ms CreateObjectMapping: 1.107900 ms MarkObjects: 3019.551100 ms  DeleteObjects: 0.106100 ms)

Unloading 0 Unused Serialized files (Serialized files now loaded: 0)

Unloading 0 unused Assets to reduce memory usage. Loaded Objects now: 29915.
Total: 3067.231800 ms (FindLiveObjects: 1.305200 ms CreateObjectMapping: 1.453600 ms MarkObjects: 3064.392400 ms  DeleteObjects: 0.080500 ms)

Unloading 3 Unused Serialized files (Serialized files now loaded: 0)
UnloadTime: 0.459400 ms

Unloading 4196 unused Assets to reduce memory usage. Loaded Objects now: 25680.
Total: 3007.602100 ms (FindLiveObjects: 1.605800 ms CreateObjectMapping: 1.295700 ms MarkObjects: 2998.564000 ms  DeleteObjects: 6.136400 ms)

Unloading 2 Unused Serialized files (Serialized files now loaded: 0)
UnloadTime: 0.361600 ms

Unloading 1 unused Assets to reduce memory usage. Loaded Objects now: 25700.
Total: 3047.155800 ms (FindLiveObjects: 1.128000 ms CreateObjectMapping: 1.076600 ms MarkObjects: 3044.812300 ms  DeleteObjects: 0.138200 ms)

Unloading 0 Unused Serialized files (Serialized files now loaded: 0)

Unloading 0 unused Assets to reduce memory usage. Loaded Objects now: 29912.
Total: 3083.059700 ms (FindLiveObjects: 1.351500 ms CreateObjectMapping: 1.348800 ms MarkObjects: 3080.255900 ms  DeleteObjects: 0.103300 ms)

Unloading 2 Unused Serialized files (Serialized files now loaded: 0)
UnloadTime: 0.681700 ms

Unloading 4192 unused Assets to reduce memory usage. Loaded Objects now: 25687.
Total: 3012.896200 ms (FindLiveObjects: 1.333400 ms CreateObjectMapping: 1.291800 ms MarkObjects: 3004.626600 ms  DeleteObjects: 5.644000 ms)

Unloading 2 Unused Serialized files (Serialized files now loaded: 0)
UnloadTime: 0.549700 ms

Unloading 1 unused Assets to reduce memory usage. Loaded Objects now: 25707.
Total: 3047.668100 ms (FindLiveObjects: 1.104300 ms CreateObjectMapping: 1.099800 ms MarkObjects: 3045.304600 ms  DeleteObjects: 0.158900 ms)

Unloading 0 Unused Serialized files (Serialized files now loaded: 0)

Unloading 0 unused Assets to reduce memory usage. Loaded Objects now: 29928.
Total: 3132.311700 ms (FindLiveObjects: 1.270700 ms CreateObjectMapping: 1.389500 ms MarkObjects: 3129.527500 ms  DeleteObjects: 0.123000 ms)

Unloading 3 Unused Serialized files (Serialized files now loaded: 0)
UnloadTime: 0.655500 ms

Unloading 4195 unused Assets to reduce memory usage. Loaded Objects now: 25695.
Total: 3097.510700 ms (FindLiveObjects: 1.556400 ms CreateObjectMapping: 1.531400 ms MarkObjects: 3088.659200 ms  DeleteObjects: 5.763400 ms)

Unloading 2 Unused Serialized files (Serialized files now loaded: 0)
UnloadTime: 0.370200 ms

Unloading 1 unused Assets to reduce memory usage. Loaded Objects now: 25715.
Total: 3084.492400 ms (FindLiveObjects: 1.150300 ms CreateObjectMapping: 1.108500 ms MarkObjects: 3082.154100 ms  DeleteObjects: 0.078800 ms)

Unloading 0 Unused Serialized files (Serialized files now loaded: 0)

Unloading 0 unused Assets to reduce memory usage. Loaded Objects now: 29929.
Total: 3118.156900 ms (FindLiveObjects: 1.348300 ms CreateObjectMapping: 1.355800 ms MarkObjects: 3115.355100 ms  DeleteObjects: 0.097500 ms)

Unloading 3 Unused Serialized files (Serialized files now loaded: 0)
UnloadTime: 0.685300 ms

Unloading 4433 unused Assets to reduce memory usage. Loaded Objects now: 25810.
Total: 3316.867200 ms (FindLiveObjects: 1.599200 ms CreateObjectMapping: 1.316000 ms MarkObjects: 3305.395400 ms  DeleteObjects: 8.556100 ms)

Unloading 2 Unused Serialized files (Serialized files now loaded: 0)
UnloadTime: 0.403300 ms

Unloading 1 unused Assets to reduce memory usage. Loaded Objects now: 25830.
Total: 3384.825900 ms (FindLiveObjects: 1.159100 ms CreateObjectMapping: 1.107900 ms MarkObjects: 3382.379700 ms  DeleteObjects: 0.178800 ms)

Unloading 0 Unused Serialized files (Serialized files now loaded: 0)

Unloading 0 unused Assets to reduce memory usage. Loaded Objects now: 30048.
Total: 3411.200500 ms (FindLiveObjects: 1.348300 ms CreateObjectMapping: 1.349500 ms MarkObjects: 3408.457400 ms  DeleteObjects: 0.045100 ms)

Unloading 3 Unused Serialized files (Serialized files now loaded: 0)
UnloadTime: 0.685100 ms

Unloading 4790 unused Assets to reduce memory usage. Loaded Objects now: 26043.
Total: 3608.840600 ms (FindLiveObjects: 1.585200 ms CreateObjectMapping: 1.438400 ms MarkObjects: 3596.395200 ms  DeleteObjects: 9.421400 ms)

Unloading 2 Unused Serialized files (Serialized files now loaded: 0)
UnloadTime: 0.379300 ms

Unloading 1 unused Assets to reduce memory usage. Loaded Objects now: 26063.
Total: 3671.139000 ms (FindLiveObjects: 1.142800 ms CreateObjectMapping: 1.124100 ms MarkObjects: 3668.806500 ms  DeleteObjects: 0.065400 ms)

Unloading 0 Unused Serialized files (Serialized files now loaded: 0)

Unloading 0 unused Assets to reduce memory usage. Loaded Objects now: 30602.
Total: 3953.837900 ms (FindLiveObjects: 1.362500 ms CreateObjectMapping: 1.362700 ms MarkObjects: 3951.057600 ms  DeleteObjects: 0.054500 ms)

Unloading 3 Unused Serialized files (Serialized files now loaded: 0)
UnloadTime: 0.787700 ms

Unloading 4756 unused Assets to reduce memory usage. Loaded Objects now: 27448.
Total: 6035.833800 ms (FindLiveObjects: 4.211100 ms CreateObjectMapping: 1.843400 ms MarkObjects: 6018.451500 ms  DeleteObjects: 11.327600 ms)

Unloading 2 Unused Serialized files (Serialized files now loaded: 0)
UnloadTime: 0.399900 ms

Unloading 1 unused Assets to reduce memory usage. Loaded Objects now: 27468.
Total: 6029.180800 ms (FindLiveObjects: 1.259900 ms CreateObjectMapping: 1.223200 ms MarkObjects: 6026.573800 ms  DeleteObjects: 0.123700 ms)

Unloading 0 Unused Serialized files (Serialized files now loaded: 0)

Unloading 0 unused Assets to reduce memory usage. Loaded Objects now: 32056.
Total: 6034.220300 ms (FindLiveObjects: 1.564900 ms CreateObjectMapping: 1.514300 ms MarkObjects: 6031.064300 ms  DeleteObjects: 0.076500 ms)

Unloading 3 Unused Serialized files (Serialized files now loaded: 0)
UnloadTime: 0.731300 ms

Unloading 4552 unused Assets to reduce memory usage. Loaded Objects now: 27463.
Total: 5966.303800 ms (FindLiveObjects: 1.345500 ms CreateObjectMapping: 1.364200 ms MarkObjects: 5956.280600 ms  DeleteObjects: 7.313300 ms)

